#! /c/Source/iverilog-install/bin/vvp
:ivl_version "12.0 (devel)" "(s20150603-1539-g2693dd32b)";
:ivl_delay_selection "TYPICAL";
:vpi_time_precision + 0;
:vpi_module "C:\SPINAL~1\iverilog\lib\ivl\system.vpi";
:vpi_module "C:\SPINAL~1\iverilog\lib\ivl\vhdl_sys.vpi";
:vpi_module "C:\SPINAL~1\iverilog\lib\ivl\vhdl_textio.vpi";
:vpi_module "C:\SPINAL~1\iverilog\lib\ivl\v2005_math.vpi";
:vpi_module "C:\SPINAL~1\iverilog\lib\ivl\va_math.vpi";
S_000002bcac6bbcf0 .scope module, "float2fxp_pipe" "float2fxp_pipe" 2 145;
 .timescale 0 0;
    .port_info 0 /INPUT 1 "rstn";
    .port_info 1 /INPUT 1 "clk";
    .port_info 2 /INPUT 32 "in";
    .port_info 3 /OUTPUT 16 "out";
    .port_info 4 /OUTPUT 1 "overflow";
P_000002bcac6bbe80 .param/l "ONEO" 1 2 158, C4<0000000000000001>;
P_000002bcac6bbeb8 .param/l "ROUND" 0 2 148, +C4<00000000000000000000000000000001>;
P_000002bcac6bbef0 .param/l "WOF" 0 2 147, +C4<00000000000000000000000000001000>;
P_000002bcac6bbf28 .param/l "WOI" 0 2 146, +C4<00000000000000000000000000001000>;
o000002bcac7220d8 .functor BUFZ 32, C4<zzzzzzzzzzzzzzzzzzzzzzzzzzzzzzzz>; HiZ drive
L_000002bcac7187a0 .functor BUFZ 32, o000002bcac7220d8, C4<00000000000000000000000000000000>, C4<00000000000000000000000000000000>, C4<00000000000000000000000000000000>;
v000002bcac6bb490_0 .net *"_ivl_0", 22 0, L_000002bcac7048b0;  1 drivers
v000002bcac6d3000_0 .net *"_ivl_12", 0 0, L_000002bcac704130;  1 drivers
v000002bcac6d2e90_0 .net *"_ivl_7", 31 0, L_000002bcac7187a0;  1 drivers
o000002bcac722018 .functor BUFZ 1, C4<z>; HiZ drive
v000002bcac6bb820_0 .net "clk", 0 0, o000002bcac722018;  0 drivers
v000002bcac6d2b50_0 .net "exp", 7 0, L_000002bcac703ff0;  1 drivers
v000002bcac6d2bf0_0 .var/s "expinit", 31 0;
v000002bcac6d2c90 .array "exps", 0 16, 31 0;
v000002bcac6d2d30_0 .var/i "ii", 31 0;
v000002bcac76f450_0 .net "in", 31 0, o000002bcac7220d8;  0 drivers
v000002bcac76f4f0_0 .var "out", 15 0;
v000002bcac76f590_0 .var "outinit", 15 0;
v000002bcac76f630_0 .var "outl", 15 0;
v000002bcac703b90 .array "outs", 0 16, 15 0;
v000002bcac704950_0 .var "outt", 15 0;
v000002bcac7049f0_0 .var "overflow", 0 0;
v000002bcac704090_0 .var "roundinit", 0 0;
v000002bcac703f50 .array "rounds", 0 16, 0 0;
o000002bcac722228 .functor BUFZ 1, C4<z>; HiZ drive
v000002bcac703e10_0 .net "rstn", 0 0, o000002bcac722228;  0 drivers
v000002bcac7043b0_0 .net "sign", 0 0, L_000002bcac7046d0;  1 drivers
v000002bcac704810_0 .var "signinit", 0 0;
v000002bcac703eb0_0 .var "signl", 0 0;
v000002bcac704450 .array "signs", 0 16, 0 0;
v000002bcac704310_0 .net "val", 23 0, L_000002bcac704770;  1 drivers
L_000002bcac7046d0 .part L_000002bcac7187a0, 31, 1;
L_000002bcac703ff0 .part L_000002bcac7187a0, 23, 8;
L_000002bcac7048b0 .part L_000002bcac7187a0, 0, 23;
L_000002bcac704770 .concat8 [ 23 1 0 0], L_000002bcac7048b0, L_000002bcac704130;
L_000002bcac704130 .reduce/or L_000002bcac703ff0;
S_000002bcac6d29c0 .scope generate, "genblk1" "genblk1" 2 175, 2 175 0, S_000002bcac6bbcf0;
 .timescale 0 0;
E_000002bcac6f8a60/0 .event negedge, v000002bcac703e10_0;
E_000002bcac6f8a60/1 .event posedge, v000002bcac6bb820_0;
E_000002bcac6f8a60 .event/or E_000002bcac6f8a60/0, E_000002bcac6f8a60/1;
    .scope S_000002bcac6d29c0;
T_0 ;
    %wait E_000002bcac6f8a60;
    %load/vec4 v000002bcac703e10_0;
    %inv;
    %flag_set/vec4 8;
    %jmp/0xz  T_0.0, 8;
    %pushi/vec4 0, 0, 16;
    %assign/vec4 v000002bcac76f590_0, 0;
    %pushi/vec4 0, 0, 1;
    %assign/vec4 v000002bcac704090_0, 0;
    %jmp T_0.1;
T_0.0 ;
    %load/vec4 v000002bcac704310_0;
    %parti/s 16, 8, 5;
    %assign/vec4 v000002bcac76f590_0, 0;
    %pushi/vec4 1, 0, 1;
    %flag_set/vec4 8;
    %flag_get/vec4 8;
    %jmp/0 T_0.2, 8;
    %load/vec4 v000002bcac704310_0;
    %parti/s 1, 7, 4;
    %and;
T_0.2;
    %assign/vec4 v000002bcac704090_0, 0;
T_0.1 ;
    %jmp T_0;
    .thread T_0;
    .scope S_000002bcac6bbcf0;
T_1 ;
    %pushi/vec4 0, 0, 1;
    %store/vec4 v000002bcac704810_0, 0, 1;
    %pushi/vec4 0, 0, 1;
    %store/vec4 v000002bcac704090_0, 0, 1;
    %pushi/vec4 0, 0, 32;
    %store/vec4 v000002bcac6d2bf0_0, 0, 32;
    %pushi/vec4 0, 0, 16;
    %store/vec4 v000002bcac76f590_0, 0, 16;
    %pushi/vec4 0, 0, 1;
    %store/vec4 v000002bcac703eb0_0, 0, 1;
    %pushi/vec4 0, 0, 16;
    %store/vec4 v000002bcac76f630_0, 0, 16;
    %end;
    .thread T_1;
    .scope S_000002bcac6bbcf0;
T_2 ;
    %pushi/vec4 0, 0, 17;
    %split/vec4 1;
    %store/vec4 v000002bcac7049f0_0, 0, 1;
    %store/vec4 v000002bcac76f4f0_0, 0, 16;
    %end;
    .thread T_2;
    .scope S_000002bcac6bbcf0;
T_3 ;
    %wait E_000002bcac6f8a60;
    %load/vec4 v000002bcac703e10_0;
    %inv;
    %flag_set/vec4 8;
    %jmp/0xz  T_3.0, 8;
    %pushi/vec4 0, 0, 1;
    %assign/vec4 v000002bcac704810_0, 0;
    %pushi/vec4 0, 0, 32;
    %assign/vec4 v000002bcac6d2bf0_0, 0;
    %jmp T_3.1;
T_3.0 ;
    %load/vec4 v000002bcac7043b0_0;
    %assign/vec4 v000002bcac704810_0, 0;
    %load/vec4 v000002bcac6d2b50_0;
    %cmpi/e 255, 0, 8;
    %jmp/1 T_3.4, 4;
    %flag_mov 8, 4;
    %pushi/vec4 0, 0, 24;
    %load/vec4 v000002bcac6d2b50_0;
    %concat/vec4; draw_concat_vec4
    %cmpi/u 134, 0, 32;
    %flag_or 5, 4; GT is !LE
    %flag_inv 5;
    %flag_or 5, 8;
    %flag_mov 4, 5;
T_3.4;
    %jmp/0xz  T_3.2, 4;
    %pushi/vec4 0, 0, 32;
    %assign/vec4 v000002bcac6d2bf0_0, 0;
    %jmp T_3.3;
T_3.2 ;
    %pushi/vec4 0, 0, 24;
    %load/vec4 v000002bcac6d2b50_0;
    %concat/vec4; draw_concat_vec4
    %subi 134, 0, 32;
    %assign/vec4 v000002bcac6d2bf0_0, 0;
T_3.3 ;
T_3.1 ;
    %jmp T_3;
    .thread T_3;
    .scope S_000002bcac6bbcf0;
T_4 ;
    %wait E_000002bcac6f8a60;
    %load/vec4 v000002bcac703e10_0;
    %inv;
    %flag_set/vec4 8;
    %jmp/0xz  T_4.0, 8;
    %pushi/vec4 0, 0, 32;
    %store/vec4 v000002bcac6d2d30_0, 0, 32;
T_4.2 ;
    %load/vec4 v000002bcac6d2d30_0;
    %cmpi/s 17, 0, 32;
    %jmp/0xz T_4.3, 5;
    %pushi/vec4 0, 0, 1;
    %ix/getv/s 3, v000002bcac6d2d30_0;
    %ix/load 4, 0, 0; Constant delay
    %assign/vec4/a/d v000002bcac704450, 0, 4;
    %pushi/vec4 0, 0, 1;
    %ix/getv/s 3, v000002bcac6d2d30_0;
    %ix/load 4, 0, 0; Constant delay
    %assign/vec4/a/d v000002bcac703f50, 0, 4;
    %pushi/vec4 0, 0, 32;
    %ix/getv/s 3, v000002bcac6d2d30_0;
    %ix/load 4, 0, 0; Constant delay
    %assign/vec4/a/d v000002bcac6d2c90, 0, 4;
    %pushi/vec4 0, 0, 16;
    %ix/getv/s 3, v000002bcac6d2d30_0;
    %ix/load 4, 0, 0; Constant delay
    %assign/vec4/a/d v000002bcac703b90, 0, 4;
    %load/vec4 v000002bcac6d2d30_0;
    %addi 1, 0, 32;
    %store/vec4 v000002bcac6d2d30_0, 0, 32;
    %jmp T_4.2;
T_4.3 ;
    %jmp T_4.1;
T_4.0 ;
    %pushi/vec4 0, 0, 32;
    %store/vec4 v000002bcac6d2d30_0, 0, 32;
T_4.4 ;
    %load/vec4 v000002bcac6d2d30_0;
    %cmpi/s 16, 0, 32;
    %jmp/0xz T_4.5, 5;
    %load/vec4 v000002bcac6d2d30_0;
    %addi 1, 0, 32;
    %ix/vec4/s 4;
    %load/vec4a v000002bcac704450, 4;
    %ix/getv/s 3, v000002bcac6d2d30_0;
    %ix/load 4, 0, 0; Constant delay
    %assign/vec4/a/d v000002bcac704450, 0, 4;
    %load/vec4 v000002bcac6d2d30_0;
    %addi 1, 0, 32;
    %ix/vec4/s 4;
    %load/vec4a v000002bcac6d2c90, 4;
    %cmpi/ne 0, 0, 32;
    %jmp/0xz  T_4.6, 4;
    %pushi/vec4 0, 0, 1;
    %load/vec4 v000002bcac6d2d30_0;
    %addi 1, 0, 32;
    %ix/vec4/s 4;
    %load/vec4a v000002bcac703b90, 4;
    %concat/vec4; draw_concat_vec4
    %split/vec4 1;
    %ix/getv/s 3, v000002bcac6d2d30_0;
    %ix/load 4, 0, 0; Constant delay
    %assign/vec4/a/d v000002bcac703f50, 0, 4;
    %ix/getv/s 3, v000002bcac6d2d30_0;
    %ix/load 4, 0, 0; Constant delay
    %assign/vec4/a/d v000002bcac703b90, 0, 4;
    %load/vec4 v000002bcac6d2d30_0;
    %addi 1, 0, 32;
    %ix/vec4/s 4;
    %load/vec4a v000002bcac6d2c90, 4;
    %addi 1, 0, 32;
    %ix/getv/s 3, v000002bcac6d2d30_0;
    %ix/load 4, 0, 0; Constant delay
    %assign/vec4/a/d v000002bcac6d2c90, 0, 4;
    %jmp T_4.7;
T_4.6 ;
    %load/vec4 v000002bcac6d2d30_0;
    %addi 1, 0, 32;
    %ix/vec4/s 4;
    %load/vec4a v000002bcac703b90, 4;
    %load/vec4 v000002bcac6d2d30_0;
    %addi 1, 0, 32;
    %ix/vec4/s 4;
    %load/vec4a v000002bcac703f50, 4;
    %concat/vec4; draw_concat_vec4
    %split/vec4 1;
    %ix/getv/s 3, v000002bcac6d2d30_0;
    %ix/load 4, 0, 0; Constant delay
    %assign/vec4/a/d v000002bcac703f50, 0, 4;
    %ix/getv/s 3, v000002bcac6d2d30_0;
    %ix/load 4, 0, 0; Constant delay
    %assign/vec4/a/d v000002bcac703b90, 0, 4;
    %load/vec4 v000002bcac6d2d30_0;
    %addi 1, 0, 32;
    %ix/vec4/s 4;
    %load/vec4a v000002bcac6d2c90, 4;
    %ix/getv/s 3, v000002bcac6d2d30_0;
    %ix/load 4, 0, 0; Constant delay
    %assign/vec4/a/d v000002bcac6d2c90, 0, 4;
T_4.7 ;
    %load/vec4 v000002bcac6d2d30_0;
    %addi 1, 0, 32;
    %store/vec4 v000002bcac6d2d30_0, 0, 32;
    %jmp T_4.4;
T_4.5 ;
    %load/vec4 v000002bcac704810_0;
    %ix/load 3, 16, 0;
    %flag_set/imm 4, 0;
    %ix/load 4, 0, 0; Constant delay
    %assign/vec4/a/d v000002bcac704450, 0, 4;
    %load/vec4 v000002bcac704090_0;
    %ix/load 3, 16, 0;
    %flag_set/imm 4, 0;
    %ix/load 4, 0, 0; Constant delay
    %assign/vec4/a/d v000002bcac703f50, 0, 4;
    %load/vec4 v000002bcac6d2bf0_0;
    %ix/load 3, 16, 0;
    %flag_set/imm 4, 0;
    %ix/load 4, 0, 0; Constant delay
    %assign/vec4/a/d v000002bcac6d2c90, 0, 4;
    %load/vec4 v000002bcac76f590_0;
    %ix/load 3, 16, 0;
    %flag_set/imm 4, 0;
    %ix/load 4, 0, 0; Constant delay
    %assign/vec4/a/d v000002bcac703b90, 0, 4;
T_4.1 ;
    %jmp T_4;
    .thread T_4;
    .scope S_000002bcac6bbcf0;
T_5 ;
    %wait E_000002bcac6f8a60;
    %load/vec4 v000002bcac703e10_0;
    %inv;
    %flag_set/vec4 8;
    %jmp/0xz  T_5.0, 8;
    %pushi/vec4 0, 0, 16;
    %assign/vec4 v000002bcac76f630_0, 0;
    %pushi/vec4 0, 0, 1;
    %assign/vec4 v000002bcac703eb0_0, 0;
    %jmp T_5.1;
T_5.0 ;
    %ix/load 4, 0, 0;
    %flag_set/imm 4, 0;
    %load/vec4a v000002bcac703b90, 4;
    %store/vec4 v000002bcac704950_0, 0, 16;
    %pushi/vec4 1, 0, 32;
    %ix/load 4, 0, 0;
    %flag_set/imm 4, 0;
    %load/vec4a v000002bcac703f50, 4;
    %pad/u 32;
    %and;
    %load/vec4 v000002bcac704950_0;
    %and/r;
    %pad/u 32;
    %inv;
    %and;
    %cmpi/ne 0, 0, 32;
    %jmp/0xz  T_5.2, 4;
    %load/vec4 v000002bcac704950_0;
    %addi 1, 0, 16;
    %store/vec4 v000002bcac704950_0, 0, 16;
T_5.2 ;
    %ix/load 4, 0, 0;
    %flag_set/imm 4, 0;
    %load/vec4a v000002bcac704450, 4;
    %flag_set/vec4 8;
    %jmp/0xz  T_5.4, 8;
    %load/vec4 v000002bcac704950_0;
    %pad/u 32;
    %pushi/vec4 0, 0, 32;
    %cmp/ne;
    %flag_get/vec4 4;
    %assign/vec4 v000002bcac703eb0_0, 0;
    %load/vec4 v000002bcac704950_0;
    %inv;
    %addi 1, 0, 16;
    %store/vec4 v000002bcac704950_0, 0, 16;
    %jmp T_5.5;
T_5.4 ;
    %pushi/vec4 0, 0, 1;
    %assign/vec4 v000002bcac703eb0_0, 0;
T_5.5 ;
    %load/vec4 v000002bcac704950_0;
    %assign/vec4 v000002bcac76f630_0, 0;
T_5.1 ;
    %jmp T_5;
    .thread T_5;
    .scope S_000002bcac6bbcf0;
T_6 ;
    %wait E_000002bcac6f8a60;
    %load/vec4 v000002bcac703e10_0;
    %inv;
    %flag_set/vec4 8;
    %jmp/0xz  T_6.0, 8;
    %pushi/vec4 0, 0, 16;
    %assign/vec4 v000002bcac76f4f0_0, 0;
    %pushi/vec4 0, 0, 1;
    %assign/vec4 v000002bcac7049f0_0, 0;
    %jmp T_6.1;
T_6.0 ;
    %load/vec4 v000002bcac76f630_0;
    %assign/vec4 v000002bcac76f4f0_0, 0;
    %pushi/vec4 0, 0, 1;
    %assign/vec4 v000002bcac7049f0_0, 0;
    %load/vec4 v000002bcac703eb0_0;
    %flag_set/vec4 8;
    %jmp/0xz  T_6.2, 8;
    %load/vec4 v000002bcac76f630_0;
    %parti/s 1, 15, 5;
    %inv;
    %flag_set/vec4 8;
    %jmp/0xz  T_6.4, 8;
    %pushi/vec4 1, 0, 1;
    %ix/load 4, 15, 0;
    %ix/load 5, 0, 0;
    %flag_set/imm 4, 0;
    %assign/vec4/off/d v000002bcac76f4f0_0, 4, 5;
    %pushi/vec4 0, 0, 15;
    %ix/load 4, 0, 0;
    %ix/load 5, 0, 0;
    %flag_set/imm 4, 0;
    %assign/vec4/off/d v000002bcac76f4f0_0, 4, 5;
    %pushi/vec4 1, 0, 1;
    %assign/vec4 v000002bcac7049f0_0, 0;
T_6.4 ;
    %jmp T_6.3;
T_6.2 ;
    %load/vec4 v000002bcac76f630_0;
    %parti/s 1, 15, 5;
    %flag_set/vec4 8;
    %jmp/0xz  T_6.6, 8;
    %pushi/vec4 0, 0, 1;
    %ix/load 4, 15, 0;
    %ix/load 5, 0, 0;
    %flag_set/imm 4, 0;
    %assign/vec4/off/d v000002bcac76f4f0_0, 4, 5;
    %pushi/vec4 32767, 0, 15;
    %ix/load 4, 0, 0;
    %ix/load 5, 0, 0;
    %flag_set/imm 4, 0;
    %assign/vec4/off/d v000002bcac76f4f0_0, 4, 5;
    %pushi/vec4 1, 0, 1;
    %assign/vec4 v000002bcac7049f0_0, 0;
T_6.6 ;
T_6.3 ;
T_6.1 ;
    %jmp T_6;
    .thread T_6;
# The file index is used to find the file name in the following table.
:file_names 3;
    "N/A";
    "<interactive>";
    "float2fxp.v";
