#! /c/Source/iverilog-install/bin/vvp
:ivl_version "12.0 (devel)" "(s20150603-1539-g2693dd32b)";
:ivl_delay_selection "TYPICAL";
:vpi_time_precision - 12;
:vpi_module "C:\SPINAL~1\iverilog\lib\ivl\system.vpi";
:vpi_module "C:\SPINAL~1\iverilog\lib\ivl\vhdl_sys.vpi";
:vpi_module "C:\SPINAL~1\iverilog\lib\ivl\vhdl_textio.vpi";
:vpi_module "C:\SPINAL~1\iverilog\lib\ivl\v2005_math.vpi";
:vpi_module "C:\SPINAL~1\iverilog\lib\ivl\va_math.vpi";
S_000001dc8ebe2c20 .scope module, "tb_fp32_adder" "tb_fp32_adder" 2 6;
 .timescale -9 -12;
v000001dc8efc7340_0 .var "a", 31 0;
v000001dc8efc7de0_0 .var "b", 31 0;
v000001dc8efc7e80_0 .var "clk", 0 0;
v000001dc8efc7200_0 .var "ena", 0 0;
v000001dc8efc68a0_0 .var "rm", 1 0;
v000001dc8efc7520_0 .var "rstn", 0 0;
v000001dc8efc63a0_0 .net "s", 31 0, v000001dc8efc6bc0_0;  1 drivers
v000001dc8efc7660_0 .var "sel", 0 0;
v000001dc8efc6120_0 .net "valid", 0 0, v000001dc8efc7ac0_0;  1 drivers
E_000001dc8ebdb3d0 .event anyedge, v000001dc8efc7ac0_0;
S_000001dc8ebe5090 .scope module, "dut" "fp32_adder" 2 18, 3 144 0, S_000001dc8ebe2c20;
 .timescale -9 -12;
    .port_info 0 /INPUT 1 "clk";
    .port_info 1 /INPUT 1 "rstn";
    .port_info 2 /INPUT 1 "ena";
    .port_info 3 /INPUT 32 "a";
    .port_info 4 /INPUT 32 "b";
    .port_info 5 /INPUT 2 "rm";
    .port_info 6 /INPUT 1 "sel";
    .port_info 7 /OUTPUT 32 "s";
    .port_info 8 /OUTPUT 1 "valid";
L_000001dc8ebd85b0 .functor NOT 1, L_000001dc8f0205b0, C4<0>, C4<0>, C4<0>;
L_000001dc8ebd7f90 .functor NOT 1, L_000001dc8f020f10, C4<0>, C4<0>, C4<0>;
L_000001dc8ebd7820 .functor NOT 1, L_000001dc8f020bf0, C4<0>, C4<0>, C4<0>;
L_000001dc8ebd7f20 .functor AND 1, L_000001dc8ebd7f90, L_000001dc8ebd7820, C4<1>, C4<1>;
L_000001dc8ebd7eb0 .functor AND 1, L_000001dc8ebd7f20, L_000001dc8f020970, C4<1>, C4<1>;
L_000001dc8ebd8310 .functor OR 1, L_000001dc8f021550, L_000001dc8f021190, C4<0>, C4<0>;
L_000001dc8ebd84d0 .functor AND 1, L_000001dc8ebd7eb0, L_000001dc8ebd8310, C4<1>, C4<1>;
L_000001dc8ebd7c80 .functor NOT 1, L_000001dc8f021b90, C4<0>, C4<0>, C4<0>;
L_000001dc8ebd7b30 .functor NOT 1, L_000001dc8f020a10, C4<0>, C4<0>, C4<0>;
L_000001dc8ebd8380 .functor AND 1, L_000001dc8ebd7c80, L_000001dc8ebd7b30, C4<1>, C4<1>;
L_000001dc8ebd8070 .functor AND 1, L_000001dc8ebd8380, L_000001dc8f020ab0, C4<1>, C4<1>;
L_000001dc8ebd8230 .functor NOT 1, L_000001dc8f020d30, C4<0>, C4<0>, C4<0>;
L_000001dc8ebd8150 .functor AND 1, L_000001dc8ebd8070, L_000001dc8ebd8230, C4<1>, C4<1>;
L_000001dc8ebd7ac0 .functor NOT 1, L_000001dc8f020fb0, C4<0>, C4<0>, C4<0>;
L_000001dc8ebd8690 .functor AND 1, L_000001dc8ebd8150, L_000001dc8ebd7ac0, C4<1>, C4<1>;
L_000001dc8ebd8700 .functor AND 1, L_000001dc8ebd8690, L_000001dc8f021870, C4<1>, C4<1>;
L_000001dc8ebd7e40 .functor OR 1, L_000001dc8ebd84d0, L_000001dc8ebd8700, C4<0>, C4<0>;
L_000001dc8ebd7c10 .functor NOT 1, L_000001dc8f020dd0, C4<0>, C4<0>, C4<0>;
L_000001dc8ebd8000 .functor AND 1, L_000001dc8ebd7c10, L_000001dc8f020e70, C4<1>, C4<1>;
L_000001dc8ebd7d60 .functor OR 1, L_000001dc8f021c30, L_000001dc8f021230, C4<0>, C4<0>;
L_000001dc8ebd81c0 .functor OR 1, L_000001dc8ebd7d60, L_000001dc8f021410, C4<0>, C4<0>;
L_000001dc8ebd82a0 .functor AND 1, L_000001dc8ebd8000, L_000001dc8ebd81c0, C4<1>, C4<1>;
L_000001dc8ebd7890 .functor AND 1, L_000001dc8ebd82a0, v000001dc8efc7160_0, C4<1>, C4<1>;
L_000001dc8ebd7900 .functor OR 1, L_000001dc8ebd7e40, L_000001dc8ebd7890, C4<0>, C4<0>;
L_000001dc8ebd7970 .functor NOT 1, L_000001dc8f021690, C4<0>, C4<0>, C4<0>;
L_000001dc8ebd79e0 .functor AND 1, L_000001dc8f0215f0, L_000001dc8ebd7970, C4<1>, C4<1>;
L_000001dc8ebd7a50 .functor OR 1, L_000001dc8f021730, L_000001dc8f021e10, C4<0>, C4<0>;
L_000001dc8ebd7cf0 .functor OR 1, L_000001dc8ebd7a50, L_000001dc8f021f50, C4<0>, C4<0>;
L_000001dc8ebd7dd0 .functor AND 1, L_000001dc8ebd79e0, L_000001dc8ebd7cf0, C4<1>, C4<1>;
L_000001dc8ebc5e90 .functor NOT 1, v000001dc8efc7160_0, C4<0>, C4<0>, C4<0>;
L_000001dc8f026170 .functor AND 1, L_000001dc8ebd7dd0, L_000001dc8ebc5e90, C4<1>, C4<1>;
L_000001dc8f026250 .functor OR 1, L_000001dc8ebd7900, L_000001dc8f026170, C4<0>, C4<0>;
L_000001dc8f0261e0 .functor OR 1, L_000001dc8f028760, L_000001dc8f028bc0, C4<0>, C4<0>;
L_000001dc8efc80e8 .functor BUFT 1, C4<0000000000000000>, C4<0>, C4<0>, C4<0>;
v000001dc8ebd1f70_0 .net/2u *"_ivl_10", 15 0, L_000001dc8efc80e8;  1 drivers
v000001dc8ebd1ed0_0 .net *"_ivl_100", 0 0, L_000001dc8f021190;  1 drivers
v000001dc8ebd1750_0 .net *"_ivl_101", 0 0, L_000001dc8ebd8310;  1 drivers
v000001dc8ebd2150_0 .net *"_ivl_103", 0 0, L_000001dc8ebd84d0;  1 drivers
v000001dc8ebd0f30_0 .net *"_ivl_106", 0 0, L_000001dc8f021b90;  1 drivers
v000001dc8ebd1390_0 .net *"_ivl_107", 0 0, L_000001dc8ebd7c80;  1 drivers
v000001dc8ebd0fd0_0 .net *"_ivl_110", 0 0, L_000001dc8f020a10;  1 drivers
v000001dc8ebd0530_0 .net *"_ivl_111", 0 0, L_000001dc8ebd7b30;  1 drivers
v000001dc8ebd08f0_0 .net *"_ivl_113", 0 0, L_000001dc8ebd8380;  1 drivers
v000001dc8ebd17f0_0 .net *"_ivl_116", 0 0, L_000001dc8f020ab0;  1 drivers
v000001dc8ebd1c50_0 .net *"_ivl_117", 0 0, L_000001dc8ebd8070;  1 drivers
v000001dc8ebd05d0_0 .net *"_ivl_12", 26 0, L_000001dc8efc6580;  1 drivers
v000001dc8ebd1890_0 .net *"_ivl_120", 0 0, L_000001dc8f020d30;  1 drivers
v000001dc8ebd1cf0_0 .net *"_ivl_121", 0 0, L_000001dc8ebd8230;  1 drivers
v000001dc8ebd1e30_0 .net *"_ivl_123", 0 0, L_000001dc8ebd8150;  1 drivers
v000001dc8ebd2010_0 .net *"_ivl_126", 0 0, L_000001dc8f020fb0;  1 drivers
v000001dc8ebd14d0_0 .net *"_ivl_127", 0 0, L_000001dc8ebd7ac0;  1 drivers
v000001dc8ebd21f0_0 .net *"_ivl_129", 0 0, L_000001dc8ebd8690;  1 drivers
v000001dc8ebd0cb0_0 .net *"_ivl_132", 0 0, L_000001dc8f021870;  1 drivers
v000001dc8ebd11b0_0 .net *"_ivl_133", 0 0, L_000001dc8ebd8700;  1 drivers
v000001dc8ebd0710_0 .net *"_ivl_135", 0 0, L_000001dc8ebd7e40;  1 drivers
v000001dc8ebd0ad0_0 .net *"_ivl_138", 0 0, L_000001dc8f020dd0;  1 drivers
v000001dc8ebd0d50_0 .net *"_ivl_139", 0 0, L_000001dc8ebd7c10;  1 drivers
v000001dc8ebd0b70_0 .net *"_ivl_142", 0 0, L_000001dc8f020e70;  1 drivers
v000001dc8ebd1930_0 .net *"_ivl_143", 0 0, L_000001dc8ebd8000;  1 drivers
v000001dc8ebd07b0_0 .net *"_ivl_146", 0 0, L_000001dc8f021c30;  1 drivers
v000001dc8ebd1110_0 .net *"_ivl_148", 0 0, L_000001dc8f021230;  1 drivers
v000001dc8ebd0df0_0 .net *"_ivl_149", 0 0, L_000001dc8ebd7d60;  1 drivers
v000001dc8ebd2290_0 .net *"_ivl_15", 26 0, L_000001dc8efc6e40;  1 drivers
v000001dc8ebd1430_0 .net *"_ivl_152", 0 0, L_000001dc8f021410;  1 drivers
v000001dc8ebd23d0_0 .net *"_ivl_153", 0 0, L_000001dc8ebd81c0;  1 drivers
v000001dc8ebd0670_0 .net *"_ivl_155", 0 0, L_000001dc8ebd82a0;  1 drivers
v000001dc8ebd0850_0 .net *"_ivl_157", 0 0, L_000001dc8ebd7890;  1 drivers
v000001dc8ebd1070_0 .net *"_ivl_159", 0 0, L_000001dc8ebd7900;  1 drivers
v000001dc8ec2c310_0 .net *"_ivl_162", 0 0, L_000001dc8f0215f0;  1 drivers
v000001dc8ec2cf90_0 .net *"_ivl_164", 0 0, L_000001dc8f021690;  1 drivers
v000001dc8ec2cd10_0 .net *"_ivl_165", 0 0, L_000001dc8ebd7970;  1 drivers
v000001dc8ec2d170_0 .net *"_ivl_167", 0 0, L_000001dc8ebd79e0;  1 drivers
v000001dc8ec2ba50_0 .net *"_ivl_170", 0 0, L_000001dc8f021730;  1 drivers
v000001dc8ec2c450_0 .net *"_ivl_172", 0 0, L_000001dc8f021e10;  1 drivers
v000001dc8ec2baf0_0 .net *"_ivl_173", 0 0, L_000001dc8ebd7a50;  1 drivers
v000001dc8ec2d2b0_0 .net *"_ivl_176", 0 0, L_000001dc8f021f50;  1 drivers
v000001dc8ec2c130_0 .net *"_ivl_177", 0 0, L_000001dc8ebd7cf0;  1 drivers
v000001dc8ec2c950_0 .net *"_ivl_179", 0 0, L_000001dc8ebd7dd0;  1 drivers
v000001dc8ec2d030_0 .net *"_ivl_181", 0 0, L_000001dc8ebc5e90;  1 drivers
v000001dc8ec2d490_0 .net *"_ivl_183", 0 0, L_000001dc8f026170;  1 drivers
L_000001dc8efc8250 .functor BUFT 1, C4<0>, C4<0>, C4<0>, C4<0>;
v000001dc8ec2bd70_0 .net/2u *"_ivl_187", 0 0, L_000001dc8efc8250;  1 drivers
v000001dc8ec2c4f0_0 .net *"_ivl_190", 23 0, L_000001dc8f021910;  1 drivers
v000001dc8ec2cef0_0 .net *"_ivl_191", 24 0, L_000001dc8f0219b0;  1 drivers
L_000001dc8efc8298 .functor BUFT 1, C4<000000000000000000000000>, C4<0>, C4<0>, C4<0>;
v000001dc8ec2bb90_0 .net/2u *"_ivl_193", 23 0, L_000001dc8efc8298;  1 drivers
v000001dc8ec2c3b0_0 .net *"_ivl_195", 24 0, L_000001dc8f021ff0;  1 drivers
v000001dc8ec2bc30_0 .net *"_ivl_200", 0 0, L_000001dc8f020330;  1 drivers
L_000001dc8efc82e0 .functor BUFT 1, C4<00000001>, C4<0>, C4<0>, C4<0>;
v000001dc8ec2bcd0_0 .net/2u *"_ivl_201", 7 0, L_000001dc8efc82e0;  1 drivers
v000001dc8ec2ca90_0 .net *"_ivl_203", 7 0, L_000001dc8f0203d0;  1 drivers
v000001dc8ec2d530_0 .net *"_ivl_208", 0 0, L_000001dc8f028760;  1 drivers
v000001dc8ec2d0d0_0 .net *"_ivl_21", 7 0, L_000001dc8efc6b20;  1 drivers
v000001dc8ec2d210_0 .net *"_ivl_210", 0 0, L_000001dc8f028bc0;  1 drivers
v000001dc8ec2be10_0 .net *"_ivl_214", 22 0, L_000001dc8f028800;  1 drivers
v000001dc8ec2d350_0 .net *"_ivl_23", 0 0, L_000001dc8efc6f80;  1 drivers
v000001dc8ec2bff0_0 .net *"_ivl_25", 0 0, L_000001dc8f021af0;  1 drivers
v000001dc8ec2c630_0 .net *"_ivl_27", 18 0, L_000001dc8f020830;  1 drivers
L_000001dc8efc8130 .functor BUFT 1, C4<00000000>, C4<0>, C4<0>, C4<0>;
v000001dc8ec2b870_0 .net/2u *"_ivl_28", 7 0, L_000001dc8efc8130;  1 drivers
v000001dc8ec2c090_0 .net *"_ivl_3", 15 0, L_000001dc8efc6760;  1 drivers
v000001dc8ec2b910_0 .net *"_ivl_30", 26 0, L_000001dc8f021cd0;  1 drivers
v000001dc8ec2c9f0_0 .net *"_ivl_37", 3 0, L_000001dc8f020650;  1 drivers
v000001dc8ec2beb0_0 .net *"_ivl_39", 0 0, L_000001dc8f020510;  1 drivers
v000001dc8ec2c1d0_0 .net *"_ivl_41", 0 0, L_000001dc8f021eb0;  1 drivers
v000001dc8ec2bf50_0 .net *"_ivl_43", 22 0, L_000001dc8f020b50;  1 drivers
L_000001dc8efc8178 .functor BUFT 1, C4<0000>, C4<0>, C4<0>, C4<0>;
v000001dc8ec2cb30_0 .net/2u *"_ivl_44", 3 0, L_000001dc8efc8178;  1 drivers
v000001dc8ec2c270_0 .net *"_ivl_46", 26 0, L_000001dc8f021a50;  1 drivers
v000001dc8ec2d3f0_0 .net *"_ivl_5", 0 0, L_000001dc8efc61c0;  1 drivers
v000001dc8ec2c590_0 .net *"_ivl_53", 1 0, L_000001dc8f021d70;  1 drivers
v000001dc8ec2cbd0_0 .net *"_ivl_55", 0 0, L_000001dc8f020150;  1 drivers
v000001dc8ec2c6d0_0 .net *"_ivl_57", 0 0, L_000001dc8f020c90;  1 drivers
v000001dc8ec2cc70_0 .net *"_ivl_59", 24 0, L_000001dc8f0214b0;  1 drivers
L_000001dc8efc81c0 .functor BUFT 1, C4<00>, C4<0>, C4<0>, C4<0>;
v000001dc8ec2c770_0 .net/2u *"_ivl_60", 1 0, L_000001dc8efc81c0;  1 drivers
v000001dc8ec2cdb0_0 .net *"_ivl_62", 26 0, L_000001dc8f0210f0;  1 drivers
v000001dc8ec2ce50_0 .net *"_ivl_7", 0 0, L_000001dc8efc6940;  1 drivers
v000001dc8ec2d5d0_0 .net *"_ivl_70", 0 0, L_000001dc8f0205b0;  1 drivers
v000001dc8ec2b730_0 .net *"_ivl_71", 0 0, L_000001dc8ebd85b0;  1 drivers
v000001dc8ec2b7d0_0 .net *"_ivl_74", 0 0, L_000001dc8f0217d0;  1 drivers
v000001dc8ec2c810_0 .net *"_ivl_76", 25 0, L_000001dc8f0212d0;  1 drivers
L_000001dc8efc8208 .functor BUFT 1, C4<0>, C4<0>, C4<0>, C4<0>;
v000001dc8ec2b9b0_0 .net/2u *"_ivl_77", 0 0, L_000001dc8efc8208;  1 drivers
v000001dc8ec2c8b0_0 .net *"_ivl_79", 26 0, L_000001dc8f0206f0;  1 drivers
v000001dc8efc4cf0_0 .net *"_ivl_84", 0 0, L_000001dc8f020f10;  1 drivers
v000001dc8efc4750_0 .net *"_ivl_85", 0 0, L_000001dc8ebd7f90;  1 drivers
v000001dc8efc5b50_0 .net *"_ivl_88", 0 0, L_000001dc8f020bf0;  1 drivers
v000001dc8efc4390_0 .net *"_ivl_89", 0 0, L_000001dc8ebd7820;  1 drivers
v000001dc8efc5010_0 .net *"_ivl_9", 10 0, L_000001dc8efc64e0;  1 drivers
v000001dc8efc4b10_0 .net *"_ivl_91", 0 0, L_000001dc8ebd7f20;  1 drivers
v000001dc8efc5c90_0 .net *"_ivl_94", 0 0, L_000001dc8f020970;  1 drivers
v000001dc8efc5150_0 .net *"_ivl_95", 0 0, L_000001dc8ebd7eb0;  1 drivers
v000001dc8efc4110_0 .net *"_ivl_98", 0 0, L_000001dc8f021550;  1 drivers
v000001dc8efc4a70_0 .net "a", 31 0, v000001dc8efc7340_0;  1 drivers
v000001dc8efc51f0_0 .var "a_s1", 31 0;
v000001dc8efc41b0_0 .var "aligned_large_frac_s2", 27 0;
v000001dc8efc5290_0 .var "aligned_small_frac_s2", 27 0;
v000001dc8efc5bf0_0 .net "b", 31 0, v000001dc8efc7de0_0;  1 drivers
v000001dc8efc5330_0 .var "b_s1", 31 0;
v000001dc8efc5d30_0 .var "cal_frac_s2", 27 0;
v000001dc8efc5470_0 .var "cal_frac_s3", 27 0;
v000001dc8efc42f0_0 .net "clk", 0 0, v000001dc8efc7e80_0;  1 drivers
v000001dc8efc53d0_0 .net "ena", 0 0, v000001dc8efc7200_0;  1 drivers
v000001dc8efc4250_0 .var "exchange_s1", 0 0;
v000001dc8efc56f0_0 .var "exp0_s3", 7 0;
v000001dc8efc5dd0_0 .var "exp_diff_s1", 7 0;
v000001dc8efc5e70_0 .net "exponent_s3", 7 0, L_000001dc8f020470;  1 drivers
v000001dc8efc4610_0 .net "f0_s3", 26 0, L_000001dc8f021370;  1 drivers
v000001dc8efc47f0_0 .net "f1_s3", 26 0, L_000001dc8f021050;  1 drivers
v000001dc8efc4430_0 .net "f2_s3", 26 0, L_000001dc8f020790;  1 drivers
v000001dc8efc44d0_0 .net "f3_s3", 26 0, L_000001dc8f020290;  1 drivers
v000001dc8efc4e30_0 .net "f4_s3", 26 0, L_000001dc8efc6a80;  1 drivers
v000001dc8efc5790_0 .var "fp_large_expo_is_ff_s1", 0 0;
v000001dc8efc46b0_0 .var "fp_large_frac_is_00_s1", 0 0;
v000001dc8efc4bb0_0 .var "fp_large_hidden_bit_s1", 0 0;
v000001dc8efc4890_0 .var "fp_large_is_inf_s1", 0 0;
v000001dc8efc4d90_0 .var "fp_large_s1", 31 0;
v000001dc8efc4ed0_0 .var "fp_small_expo_is_ff_s1", 0 0;
v000001dc8efc5510_0 .var "fp_small_frac_is_00_s1", 0 0;
v000001dc8efc5970_0 .var "fp_small_hidden_bit_s1", 0 0;
v000001dc8efc4f70_0 .var "fp_small_is_inf_s1", 0 0;
v000001dc8efc50b0_0 .var "fp_small_s1", 31 0;
v000001dc8efc55b0_0 .var "frac0_s3", 26 0;
v000001dc8efc4c50_0 .net "frac_plus_3_s3", 0 0, L_000001dc8f026250;  1 drivers
v000001dc8efc4930_0 .net "frac_round_s3", 24 0, L_000001dc8f0201f0;  1 drivers
v000001dc8efc4570_0 .var "inf_nan_frac_s1", 22 0;
v000001dc8efc49d0_0 .var "inf_nan_frac_s2", 22 0;
v000001dc8efc5f10_0 .var "inf_nan_frac_s3", 22 0;
v000001dc8efc5650_0 .var "large_frac24_s1", 23 0;
v000001dc8efc58d0_0 .var "large_frac24_s2", 23 0;
v000001dc8efc5fb0_0 .var "nan_frac_s1", 22 0;
v000001dc8efc5830_0 .var "op_sub_s1", 0 0;
v000001dc8efc5a10_0 .var "op_sub_s2", 0 0;
v000001dc8efc5ab0_0 .net "overflow_s3", 0 0, L_000001dc8f0261e0;  1 drivers
v000001dc8efc75c0_0 .net "rm", 1 0, v000001dc8efc68a0_0;  1 drivers
v000001dc8efc6440_0 .var "rm_s1", 1 0;
v000001dc8efc73e0_0 .var "rm_s2", 1 0;
v000001dc8efc7fc0_0 .var "rm_s3", 1 0;
v000001dc8efc7700_0 .net "rstn", 0 0, v000001dc8efc7520_0;  1 drivers
v000001dc8efc6bc0_0 .var "s", 31 0;
v000001dc8efc7b60_0 .var "s_is_inf_s1", 0 0;
v000001dc8efc6620_0 .var "s_is_inf_s2", 0 0;
v000001dc8efc70c0_0 .var "s_is_inf_s3", 0 0;
v000001dc8efc7ca0_0 .var "s_is_nan_s1", 0 0;
v000001dc8efc6260_0 .var "s_is_nan_s2", 0 0;
v000001dc8efc7480_0 .var "s_is_nan_s3", 0 0;
v000001dc8efc69e0_0 .net "s_wire_s3", 31 0, L_000001dc8f0288a0;  1 drivers
v000001dc8efc6300_0 .net "sel", 0 0, v000001dc8efc7660_0;  1 drivers
v000001dc8efc7f20_0 .var "sel_s1", 0 0;
v000001dc8efc7840_0 .var "shift_amount_s1", 7 0;
v000001dc8efc77a0_0 .var "sign_s1", 0 0;
v000001dc8efc78e0_0 .var "sign_s2", 0 0;
v000001dc8efc7160_0 .var "sign_s3", 0 0;
v000001dc8efc7c00_0 .var "small_den_only_s1", 0 0;
v000001dc8efc6d00_0 .var "small_frac24_s1", 23 0;
v000001dc8efc72a0_0 .var "small_frac27_s1", 26 0;
v000001dc8efc6800_0 .var "small_frac27_s2", 26 0;
v000001dc8efc7980_0 .var "small_frac50_s1", 49 0;
v000001dc8efc6ee0_0 .var "temp_exp_s1", 7 0;
v000001dc8efc6c60_0 .var "temp_exp_s2", 7 0;
v000001dc8efc7a20_0 .var "temp_exp_s3", 7 0;
v000001dc8efc7ac0_0 .var "valid", 0 0;
v000001dc8efc7020_0 .var "valid_s1", 0 0;
v000001dc8efc66c0_0 .var "valid_s2", 0 0;
v000001dc8efc6da0_0 .var "valid_s3", 0 0;
v000001dc8efc7d40_0 .net "zeros_s3", 4 0, L_000001dc8f0208d0;  1 drivers
E_000001dc8ebdaa50/0 .event negedge, v000001dc8efc7700_0;
E_000001dc8ebdaa50/1 .event posedge, v000001dc8efc42f0_0;
E_000001dc8ebdaa50 .event/or E_000001dc8ebdaa50/0, E_000001dc8ebdaa50/1;
E_000001dc8ebdaed0 .event anyedge, v000001dc8efc5470_0, v000001dc8efc7a20_0, v000001dc8efc7d40_0, v000001dc8efc4610_0;
E_000001dc8ebdb4d0/0 .event anyedge, v000001dc8efc5bf0_0, v000001dc8efc4a70_0, v000001dc8efc4250_0, v000001dc8efc4d90_0;
E_000001dc8ebdb4d0/1 .event anyedge, v000001dc8efc50b0_0, v000001dc8efc4bb0_0, v000001dc8efc5970_0, v000001dc8efc6300_0;
E_000001dc8ebdb4d0/2 .event anyedge, v000001dc8efc5790_0, v000001dc8efc46b0_0, v000001dc8efc4ed0_0, v000001dc8efc5510_0;
E_000001dc8ebdb4d0/3 .event anyedge, v000001dc8efc4890_0, v000001dc8efc4f70_0, v000001dc8efc7ca0_0, v000001dc8efc5fb0_0;
E_000001dc8ebdb4d0/4 .event anyedge, v000001dc8efc7c00_0, v000001dc8efc5dd0_0, v000001dc8efc7840_0, v000001dc8efc6d00_0;
E_000001dc8ebdb4d0/5 .event anyedge, v000001dc8efc7980_0;
E_000001dc8ebdb4d0 .event/or E_000001dc8ebdb4d0/0, E_000001dc8ebdb4d0/1, E_000001dc8ebdb4d0/2, E_000001dc8ebdb4d0/3, E_000001dc8ebdb4d0/4, E_000001dc8ebdb4d0/5;
L_000001dc8efc6760 .part v000001dc8efc5470_0, 11, 16;
L_000001dc8efc61c0 .reduce/nor L_000001dc8efc6760;
L_000001dc8efc6940 .part L_000001dc8f0208d0, 4, 1;
L_000001dc8efc64e0 .part v000001dc8efc5470_0, 0, 11;
L_000001dc8efc6580 .concat [ 16 11 0 0], L_000001dc8efc80e8, L_000001dc8efc64e0;
L_000001dc8efc6e40 .part v000001dc8efc5470_0, 0, 27;
L_000001dc8efc6a80 .functor MUXZ 27, L_000001dc8efc6e40, L_000001dc8efc6580, L_000001dc8efc6940, C4<>;
L_000001dc8efc6b20 .part L_000001dc8efc6a80, 19, 8;
L_000001dc8efc6f80 .reduce/nor L_000001dc8efc6b20;
L_000001dc8f021af0 .part L_000001dc8f0208d0, 3, 1;
L_000001dc8f020830 .part L_000001dc8efc6a80, 0, 19;
L_000001dc8f021cd0 .concat [ 8 19 0 0], L_000001dc8efc8130, L_000001dc8f020830;
L_000001dc8f020290 .functor MUXZ 27, L_000001dc8efc6a80, L_000001dc8f021cd0, L_000001dc8f021af0, C4<>;
L_000001dc8f020650 .part L_000001dc8f020290, 23, 4;
L_000001dc8f020510 .reduce/nor L_000001dc8f020650;
L_000001dc8f021eb0 .part L_000001dc8f0208d0, 2, 1;
L_000001dc8f020b50 .part L_000001dc8f020290, 0, 23;
L_000001dc8f021a50 .concat [ 4 23 0 0], L_000001dc8efc8178, L_000001dc8f020b50;
L_000001dc8f020790 .functor MUXZ 27, L_000001dc8f020290, L_000001dc8f021a50, L_000001dc8f021eb0, C4<>;
L_000001dc8f021d70 .part L_000001dc8f020790, 25, 2;
L_000001dc8f020150 .reduce/nor L_000001dc8f021d70;
L_000001dc8f020c90 .part L_000001dc8f0208d0, 1, 1;
L_000001dc8f0214b0 .part L_000001dc8f020790, 0, 25;
L_000001dc8f0210f0 .concat [ 2 25 0 0], L_000001dc8efc81c0, L_000001dc8f0214b0;
L_000001dc8f021050 .functor MUXZ 27, L_000001dc8f020790, L_000001dc8f0210f0, L_000001dc8f020c90, C4<>;
LS_000001dc8f0208d0_0_0 .concat8 [ 1 1 1 1], L_000001dc8ebd85b0, L_000001dc8f020150, L_000001dc8f020510, L_000001dc8efc6f80;
LS_000001dc8f0208d0_0_4 .concat8 [ 1 0 0 0], L_000001dc8efc61c0;
L_000001dc8f0208d0 .concat8 [ 4 1 0 0], LS_000001dc8f0208d0_0_0, LS_000001dc8f0208d0_0_4;
L_000001dc8f0205b0 .part L_000001dc8f021050, 26, 1;
L_000001dc8f0217d0 .part L_000001dc8f0208d0, 0, 1;
L_000001dc8f0212d0 .part L_000001dc8f021050, 0, 26;
L_000001dc8f0206f0 .concat [ 1 26 0 0], L_000001dc8efc8208, L_000001dc8f0212d0;
L_000001dc8f021370 .functor MUXZ 27, L_000001dc8f021050, L_000001dc8f0206f0, L_000001dc8f0217d0, C4<>;
L_000001dc8f020f10 .part v000001dc8efc7fc0_0, 1, 1;
L_000001dc8f020bf0 .part v000001dc8efc7fc0_0, 0, 1;
L_000001dc8f020970 .part v000001dc8efc55b0_0, 2, 1;
L_000001dc8f021550 .part v000001dc8efc55b0_0, 1, 1;
L_000001dc8f021190 .part v000001dc8efc55b0_0, 0, 1;
L_000001dc8f021b90 .part v000001dc8efc7fc0_0, 1, 1;
L_000001dc8f020a10 .part v000001dc8efc7fc0_0, 0, 1;
L_000001dc8f020ab0 .part v000001dc8efc55b0_0, 2, 1;
L_000001dc8f020d30 .part v000001dc8efc55b0_0, 1, 1;
L_000001dc8f020fb0 .part v000001dc8efc55b0_0, 0, 1;
L_000001dc8f021870 .part v000001dc8efc55b0_0, 3, 1;
L_000001dc8f020dd0 .part v000001dc8efc7fc0_0, 1, 1;
L_000001dc8f020e70 .part v000001dc8efc7fc0_0, 0, 1;
L_000001dc8f021c30 .part v000001dc8efc55b0_0, 2, 1;
L_000001dc8f021230 .part v000001dc8efc55b0_0, 1, 1;
L_000001dc8f021410 .part v000001dc8efc55b0_0, 0, 1;
L_000001dc8f0215f0 .part v000001dc8efc7fc0_0, 1, 1;
L_000001dc8f021690 .part v000001dc8efc7fc0_0, 0, 1;
L_000001dc8f021730 .part v000001dc8efc55b0_0, 2, 1;
L_000001dc8f021e10 .part v000001dc8efc55b0_0, 1, 1;
L_000001dc8f021f50 .part v000001dc8efc55b0_0, 0, 1;
L_000001dc8f021910 .part v000001dc8efc55b0_0, 3, 24;
L_000001dc8f0219b0 .concat [ 24 1 0 0], L_000001dc8f021910, L_000001dc8efc8250;
L_000001dc8f021ff0 .concat [ 1 24 0 0], L_000001dc8f026250, L_000001dc8efc8298;
L_000001dc8f0201f0 .arith/sum 25, L_000001dc8f0219b0, L_000001dc8f021ff0;
L_000001dc8f020330 .part L_000001dc8f0201f0, 24, 1;
L_000001dc8f0203d0 .arith/sum 8, v000001dc8efc56f0_0, L_000001dc8efc82e0;
L_000001dc8f020470 .functor MUXZ 8, v000001dc8efc56f0_0, L_000001dc8f0203d0, L_000001dc8f020330, C4<>;
L_000001dc8f028760 .reduce/and v000001dc8efc56f0_0;
L_000001dc8f028bc0 .reduce/and L_000001dc8f020470;
L_000001dc8f028800 .part L_000001dc8f0201f0, 0, 23;
L_000001dc8f0288a0 .ufunc/vec4 TD_tb_fp32_adder.dut.final_result, 32, L_000001dc8f0261e0, v000001dc8efc7fc0_0, v000001dc8efc7160_0, v000001dc8efc7480_0, v000001dc8efc70c0_0, L_000001dc8f020470, L_000001dc8f028800, v000001dc8efc5f10_0 (v000001dc8ebd20b0_0, v000001dc8ebd1d90_0, v000001dc8ebd1bb0_0, v000001dc8ebd0a30_0, v000001dc8ebd0c10_0, v000001dc8ebd1b10_0, v000001dc8ebd12f0_0, v000001dc8ebd1610_0) S_000001dc8ebe5220;
S_000001dc8ebe5220 .scope function.vec4.s32, "final_result" "final_result" 3 465, 3 465 0, S_000001dc8ebe5090;
 .timescale -9 -12;
v000001dc8ebd1b10_0 .var "exponent", 7 0;
; Variable final_result is vec4 return value of scope S_000001dc8ebe5220
v000001dc8ebd12f0_0 .var "fraction", 22 0;
v000001dc8ebd1610_0 .var "inf_nan_frac", 22 0;
v000001dc8ebd0c10_0 .var "is_inf", 0 0;
v000001dc8ebd0a30_0 .var "is_nan", 0 0;
v000001dc8ebd20b0_0 .var "overflow", 0 0;
v000001dc8ebd1d90_0 .var "rm", 1 0;
v000001dc8ebd1bb0_0 .var "sign", 0 0;
TD_tb_fp32_adder.dut.final_result ;
    %load/vec4 v000001dc8ebd20b0_0;
    %load/vec4 v000001dc8ebd1d90_0;
    %concat/vec4; draw_concat_vec4
    %load/vec4 v000001dc8ebd1bb0_0;
    %concat/vec4; draw_concat_vec4
    %load/vec4 v000001dc8ebd0a30_0;
    %concat/vec4; draw_concat_vec4
    %load/vec4 v000001dc8ebd0c10_0;
    %concat/vec4; draw_concat_vec4
    %dup/vec4;
    %pushi/vec4 37, 5, 6;
    %cmp/x;
    %jmp/1 T_0.0, 4;
    %dup/vec4;
    %pushi/vec4 41, 1, 6;
    %cmp/x;
    %jmp/1 T_0.1, 4;
    %dup/vec4;
    %pushi/vec4 45, 1, 6;
    %cmp/x;
    %jmp/1 T_0.2, 4;
    %dup/vec4;
    %pushi/vec4 49, 1, 6;
    %cmp/x;
    %jmp/1 T_0.3, 4;
    %dup/vec4;
    %pushi/vec4 53, 1, 6;
    %cmp/x;
    %jmp/1 T_0.4, 4;
    %dup/vec4;
    %pushi/vec4 61, 5, 6;
    %cmp/x;
    %jmp/1 T_0.5, 4;
    %dup/vec4;
    %pushi/vec4 28, 28, 6;
    %cmp/x;
    %jmp/1 T_0.6, 4;
    %dup/vec4;
    %pushi/vec4 63, 61, 6;
    %cmp/x;
    %jmp/1 T_0.7, 4;
    %dup/vec4;
    %pushi/vec4 61, 60, 6;
    %cmp/x;
    %jmp/1 T_0.8, 4;
    %load/vec4 v000001dc8ebd1bb0_0;
    %concati/vec4 0, 0, 8;
    %concati/vec4 0, 0, 23;
    %ret/vec4 0, 0, 32;  Assign to final_result (store_vec4_to_lval)
    %jmp T_0.10;
T_0.0 ;
    %load/vec4 v000001dc8ebd1bb0_0;
    %concati/vec4 255, 0, 8;
    %concati/vec4 0, 0, 23;
    %ret/vec4 0, 0, 32;  Assign to final_result (store_vec4_to_lval)
    %jmp T_0.10;
T_0.1 ;
    %load/vec4 v000001dc8ebd1bb0_0;
    %concati/vec4 254, 0, 8;
    %concati/vec4 8388607, 0, 23;
    %ret/vec4 0, 0, 32;  Assign to final_result (store_vec4_to_lval)
    %jmp T_0.10;
T_0.2 ;
    %load/vec4 v000001dc8ebd1bb0_0;
    %concati/vec4 255, 0, 8;
    %concati/vec4 0, 0, 23;
    %ret/vec4 0, 0, 32;  Assign to final_result (store_vec4_to_lval)
    %jmp T_0.10;
T_0.3 ;
    %load/vec4 v000001dc8ebd1bb0_0;
    %concati/vec4 255, 0, 8;
    %concati/vec4 0, 0, 23;
    %ret/vec4 0, 0, 32;  Assign to final_result (store_vec4_to_lval)
    %jmp T_0.10;
T_0.4 ;
    %load/vec4 v000001dc8ebd1bb0_0;
    %concati/vec4 254, 0, 8;
    %concati/vec4 8388607, 0, 23;
    %ret/vec4 0, 0, 32;  Assign to final_result (store_vec4_to_lval)
    %jmp T_0.10;
T_0.5 ;
    %load/vec4 v000001dc8ebd1bb0_0;
    %concati/vec4 254, 0, 8;
    %concati/vec4 8388607, 0, 23;
    %ret/vec4 0, 0, 32;  Assign to final_result (store_vec4_to_lval)
    %jmp T_0.10;
T_0.6 ;
    %load/vec4 v000001dc8ebd1bb0_0;
    %load/vec4 v000001dc8ebd1b10_0;
    %concat/vec4; draw_concat_vec4
    %load/vec4 v000001dc8ebd12f0_0;
    %concat/vec4; draw_concat_vec4
    %ret/vec4 0, 0, 32;  Assign to final_result (store_vec4_to_lval)
    %jmp T_0.10;
T_0.7 ;
    %pushi/vec4 1, 0, 1;
    %concati/vec4 255, 0, 8;
    %load/vec4 v000001dc8ebd1610_0;
    %concat/vec4; draw_concat_vec4
    %ret/vec4 0, 0, 32;  Assign to final_result (store_vec4_to_lval)
    %jmp T_0.10;
T_0.8 ;
    %load/vec4 v000001dc8ebd1bb0_0;
    %concati/vec4 255, 0, 8;
    %load/vec4 v000001dc8ebd1610_0;
    %concat/vec4; draw_concat_vec4
    %ret/vec4 0, 0, 32;  Assign to final_result (store_vec4_to_lval)
    %jmp T_0.10;
T_0.10 ;
    %pop/vec4 1;
    %end;
    .scope S_000001dc8ebe5090;
T_1 ;
    %wait E_000001dc8ebdb4d0;
    %pushi/vec4 0, 0, 1;
    %load/vec4 v000001dc8efc4a70_0;
    %parti/s 31, 0, 2;
    %concat/vec4; draw_concat_vec4
    %pushi/vec4 0, 0, 1;
    %load/vec4 v000001dc8efc5bf0_0;
    %parti/s 31, 0, 2;
    %concat/vec4; draw_concat_vec4
    %cmp/u;
    %flag_get/vec4 5;
    %store/vec4 v000001dc8efc4250_0, 0, 1;
    %load/vec4 v000001dc8efc4250_0;
    %flag_set/vec4 8;
    %jmp/0 T_1.0, 8;
    %load/vec4 v000001dc8efc5bf0_0;
    %jmp/1 T_1.1, 8;
T_1.0 ; End of true expr.
    %load/vec4 v000001dc8efc4a70_0;
    %jmp/0 T_1.1, 8;
 ; End of false expr.
    %blend;
T_1.1;
    %store/vec4 v000001dc8efc4d90_0, 0, 32;
    %load/vec4 v000001dc8efc4250_0;
    %flag_set/vec4 8;
    %jmp/0 T_1.2, 8;
    %load/vec4 v000001dc8efc4a70_0;
    %jmp/1 T_1.3, 8;
T_1.2 ; End of true expr.
    %load/vec4 v000001dc8efc5bf0_0;
    %jmp/0 T_1.3, 8;
 ; End of false expr.
    %blend;
T_1.3;
    %store/vec4 v000001dc8efc50b0_0, 0, 32;
    %load/vec4 v000001dc8efc4d90_0;
    %parti/s 8, 23, 6;
    %or/r;
    %store/vec4 v000001dc8efc4bb0_0, 0, 1;
    %load/vec4 v000001dc8efc50b0_0;
    %parti/s 8, 23, 6;
    %or/r;
    %store/vec4 v000001dc8efc5970_0, 0, 1;
    %load/vec4 v000001dc8efc4bb0_0;
    %load/vec4 v000001dc8efc4d90_0;
    %parti/s 23, 0, 2;
    %concat/vec4; draw_concat_vec4
    %store/vec4 v000001dc8efc5650_0, 0, 24;
    %load/vec4 v000001dc8efc5970_0;
    %load/vec4 v000001dc8efc50b0_0;
    %parti/s 23, 0, 2;
    %concat/vec4; draw_concat_vec4
    %store/vec4 v000001dc8efc6d00_0, 0, 24;
    %load/vec4 v000001dc8efc4d90_0;
    %parti/s 8, 23, 6;
    %store/vec4 v000001dc8efc6ee0_0, 0, 8;
    %load/vec4 v000001dc8efc4250_0;
    %flag_set/vec4 8;
    %jmp/0 T_1.4, 8;
    %load/vec4 v000001dc8efc6300_0;
    %load/vec4 v000001dc8efc5bf0_0;
    %parti/s 1, 31, 6;
    %xor;
    %jmp/1 T_1.5, 8;
T_1.4 ; End of true expr.
    %load/vec4 v000001dc8efc4a70_0;
    %parti/s 1, 31, 6;
    %jmp/0 T_1.5, 8;
 ; End of false expr.
    %blend;
T_1.5;
    %store/vec4 v000001dc8efc77a0_0, 0, 1;
    %load/vec4 v000001dc8efc6300_0;
    %load/vec4 v000001dc8efc4d90_0;
    %parti/s 1, 31, 6;
    %xor;
    %load/vec4 v000001dc8efc50b0_0;
    %parti/s 1, 31, 6;
    %xor;
    %store/vec4 v000001dc8efc5830_0, 0, 1;
    %load/vec4 v000001dc8efc4d90_0;
    %parti/s 8, 23, 6;
    %and/r;
    %store/vec4 v000001dc8efc5790_0, 0, 1;
    %load/vec4 v000001dc8efc50b0_0;
    %parti/s 8, 23, 6;
    %and/r;
    %store/vec4 v000001dc8efc4ed0_0, 0, 1;
    %load/vec4 v000001dc8efc4d90_0;
    %parti/s 23, 0, 2;
    %nor/r;
    %store/vec4 v000001dc8efc46b0_0, 0, 1;
    %load/vec4 v000001dc8efc50b0_0;
    %parti/s 23, 0, 2;
    %nor/r;
    %store/vec4 v000001dc8efc5510_0, 0, 1;
    %load/vec4 v000001dc8efc5790_0;
    %load/vec4 v000001dc8efc46b0_0;
    %and;
    %store/vec4 v000001dc8efc4890_0, 0, 1;
    %load/vec4 v000001dc8efc4ed0_0;
    %load/vec4 v000001dc8efc5510_0;
    %and;
    %store/vec4 v000001dc8efc4f70_0, 0, 1;
    %load/vec4 v000001dc8efc4890_0;
    %load/vec4 v000001dc8efc4f70_0;
    %or;
    %store/vec4 v000001dc8efc7b60_0, 0, 1;
    %load/vec4 v000001dc8efc5790_0;
    %load/vec4 v000001dc8efc46b0_0;
    %inv;
    %and;
    %load/vec4 v000001dc8efc4ed0_0;
    %load/vec4 v000001dc8efc5510_0;
    %inv;
    %and;
    %or;
    %load/vec4 v000001dc8efc6300_0;
    %load/vec4 v000001dc8efc50b0_0;
    %parti/s 1, 31, 6;
    %xor;
    %load/vec4 v000001dc8efc4d90_0;
    %parti/s 1, 31, 6;
    %xor;
    %load/vec4 v000001dc8efc4890_0;
    %and;
    %load/vec4 v000001dc8efc4f70_0;
    %and;
    %or;
    %store/vec4 v000001dc8efc7ca0_0, 0, 1;
    %pushi/vec4 0, 0, 1;
    %load/vec4 v000001dc8efc5bf0_0;
    %parti/s 23, 0, 2;
    %concat/vec4; draw_concat_vec4
    %pushi/vec4 0, 0, 1;
    %load/vec4 v000001dc8efc4a70_0;
    %parti/s 23, 0, 2;
    %concat/vec4; draw_concat_vec4
    %cmp/u;
    %flag_mov 8, 5;
    %jmp/0 T_1.6, 8;
    %pushi/vec4 1, 0, 1;
    %load/vec4 v000001dc8efc4a70_0;
    %parti/s 22, 0, 2;
    %concat/vec4; draw_concat_vec4
    %jmp/1 T_1.7, 8;
T_1.6 ; End of true expr.
    %pushi/vec4 1, 0, 1;
    %load/vec4 v000001dc8efc5bf0_0;
    %parti/s 22, 0, 2;
    %concat/vec4; draw_concat_vec4
    %jmp/0 T_1.7, 8;
 ; End of false expr.
    %blend;
T_1.7;
    %store/vec4 v000001dc8efc5fb0_0, 0, 23;
    %load/vec4 v000001dc8efc7ca0_0;
    %flag_set/vec4 8;
    %jmp/0 T_1.8, 8;
    %load/vec4 v000001dc8efc5fb0_0;
    %jmp/1 T_1.9, 8;
T_1.8 ; End of true expr.
    %pushi/vec4 0, 0, 23;
    %jmp/0 T_1.9, 8;
 ; End of false expr.
    %blend;
T_1.9;
    %store/vec4 v000001dc8efc4570_0, 0, 23;
    %load/vec4 v000001dc8efc4d90_0;
    %parti/s 8, 23, 6;
    %load/vec4 v000001dc8efc50b0_0;
    %parti/s 8, 23, 6;
    %sub;
    %store/vec4 v000001dc8efc5dd0_0, 0, 8;
    %load/vec4 v000001dc8efc4d90_0;
    %parti/s 8, 23, 6;
    %pad/u 32;
    %pushi/vec4 0, 0, 32;
    %cmp/ne;
    %flag_get/vec4 4;
    %load/vec4 v000001dc8efc50b0_0;
    %parti/s 8, 23, 6;
    %pad/u 32;
    %pushi/vec4 0, 0, 32;
    %cmp/e;
    %flag_get/vec4 4;
    %and;
    %store/vec4 v000001dc8efc7c00_0, 0, 1;
    %load/vec4 v000001dc8efc7c00_0;
    %flag_set/vec4 8;
    %jmp/0 T_1.10, 8;
    %load/vec4 v000001dc8efc5dd0_0;
    %subi 1, 0, 8;
    %jmp/1 T_1.11, 8;
T_1.10 ; End of true expr.
    %load/vec4 v000001dc8efc5dd0_0;
    %jmp/0 T_1.11, 8;
 ; End of false expr.
    %blend;
T_1.11;
    %store/vec4 v000001dc8efc7840_0, 0, 8;
    %load/vec4 v000001dc8efc7840_0;
    %cmpi/u 26, 0, 8;
    %flag_inv 5; GE is !LT
    %jmp/0xz  T_1.12, 5;
    %pushi/vec4 0, 0, 26;
    %load/vec4 v000001dc8efc6d00_0;
    %concat/vec4; draw_concat_vec4
    %store/vec4 v000001dc8efc7980_0, 0, 50;
    %jmp T_1.13;
T_1.12 ;
    %load/vec4 v000001dc8efc6d00_0;
    %concati/vec4 0, 0, 26;
    %ix/getv 4, v000001dc8efc7840_0;
    %shiftr 4;
    %store/vec4 v000001dc8efc7980_0, 0, 50;
T_1.13 ;
    %load/vec4 v000001dc8efc7980_0;
    %parti/s 26, 24, 6;
    %load/vec4 v000001dc8efc7980_0;
    %parti/s 24, 0, 2;
    %or/r;
    %concat/vec4; draw_concat_vec4
    %store/vec4 v000001dc8efc72a0_0, 0, 27;
    %jmp T_1;
    .thread T_1, $push;
    .scope S_000001dc8ebe5090;
T_2 ;
    %wait E_000001dc8ebdaa50;
    %load/vec4 v000001dc8efc7700_0;
    %nor/r;
    %flag_set/vec4 8;
    %jmp/0xz  T_2.0, 8;
    %pushi/vec4 0, 0, 32;
    %assign/vec4 v000001dc8efc51f0_0, 0;
    %pushi/vec4 0, 0, 32;
    %assign/vec4 v000001dc8efc5330_0, 0;
    %pushi/vec4 0, 0, 2;
    %assign/vec4 v000001dc8efc6440_0, 0;
    %pushi/vec4 0, 0, 1;
    %assign/vec4 v000001dc8efc7f20_0, 0;
    %pushi/vec4 0, 0, 1;
    %assign/vec4 v000001dc8efc7020_0, 0;
    %pushi/vec4 0, 0, 32;
    %assign/vec4 v000001dc8efc4d90_0, 0;
    %pushi/vec4 0, 0, 32;
    %assign/vec4 v000001dc8efc50b0_0, 0;
    %pushi/vec4 0, 0, 24;
    %assign/vec4 v000001dc8efc5650_0, 0;
    %pushi/vec4 0, 0, 24;
    %assign/vec4 v000001dc8efc6d00_0, 0;
    %pushi/vec4 0, 0, 8;
    %assign/vec4 v000001dc8efc6ee0_0, 0;
    %pushi/vec4 0, 0, 1;
    %assign/vec4 v000001dc8efc77a0_0, 0;
    %pushi/vec4 0, 0, 1;
    %assign/vec4 v000001dc8efc5830_0, 0;
    %pushi/vec4 0, 0, 1;
    %assign/vec4 v000001dc8efc5790_0, 0;
    %pushi/vec4 0, 0, 1;
    %assign/vec4 v000001dc8efc4ed0_0, 0;
    %pushi/vec4 0, 0, 1;
    %assign/vec4 v000001dc8efc46b0_0, 0;
    %pushi/vec4 0, 0, 1;
    %assign/vec4 v000001dc8efc5510_0, 0;
    %pushi/vec4 0, 0, 1;
    %assign/vec4 v000001dc8efc4890_0, 0;
    %pushi/vec4 0, 0, 1;
    %assign/vec4 v000001dc8efc4f70_0, 0;
    %pushi/vec4 0, 0, 1;
    %assign/vec4 v000001dc8efc7b60_0, 0;
    %pushi/vec4 0, 0, 1;
    %assign/vec4 v000001dc8efc7ca0_0, 0;
    %pushi/vec4 0, 0, 23;
    %assign/vec4 v000001dc8efc5fb0_0, 0;
    %pushi/vec4 0, 0, 23;
    %assign/vec4 v000001dc8efc4570_0, 0;
    %pushi/vec4 0, 0, 8;
    %assign/vec4 v000001dc8efc5dd0_0, 0;
    %pushi/vec4 0, 0, 1;
    %assign/vec4 v000001dc8efc7c00_0, 0;
    %pushi/vec4 0, 0, 8;
    %assign/vec4 v000001dc8efc7840_0, 0;
    %pushi/vec4 0, 0, 50;
    %assign/vec4 v000001dc8efc7980_0, 0;
    %pushi/vec4 0, 0, 27;
    %assign/vec4 v000001dc8efc72a0_0, 0;
    %jmp T_2.1;
T_2.0 ;
    %load/vec4 v000001dc8efc53d0_0;
    %flag_set/vec4 8;
    %jmp/0xz  T_2.2, 8;
    %load/vec4 v000001dc8efc4a70_0;
    %assign/vec4 v000001dc8efc51f0_0, 0;
    %load/vec4 v000001dc8efc5bf0_0;
    %assign/vec4 v000001dc8efc5330_0, 0;
    %load/vec4 v000001dc8efc75c0_0;
    %assign/vec4 v000001dc8efc6440_0, 0;
    %load/vec4 v000001dc8efc6300_0;
    %assign/vec4 v000001dc8efc7f20_0, 0;
T_2.2 ;
    %load/vec4 v000001dc8efc53d0_0;
    %assign/vec4 v000001dc8efc7020_0, 0;
    %load/vec4 v000001dc8efc4d90_0;
    %assign/vec4 v000001dc8efc4d90_0, 0;
    %load/vec4 v000001dc8efc50b0_0;
    %assign/vec4 v000001dc8efc50b0_0, 0;
    %load/vec4 v000001dc8efc5650_0;
    %assign/vec4 v000001dc8efc5650_0, 0;
    %load/vec4 v000001dc8efc6d00_0;
    %assign/vec4 v000001dc8efc6d00_0, 0;
    %load/vec4 v000001dc8efc6ee0_0;
    %assign/vec4 v000001dc8efc6ee0_0, 0;
    %load/vec4 v000001dc8efc77a0_0;
    %assign/vec4 v000001dc8efc77a0_0, 0;
    %load/vec4 v000001dc8efc5830_0;
    %assign/vec4 v000001dc8efc5830_0, 0;
    %load/vec4 v000001dc8efc5790_0;
    %assign/vec4 v000001dc8efc5790_0, 0;
    %load/vec4 v000001dc8efc4ed0_0;
    %assign/vec4 v000001dc8efc4ed0_0, 0;
    %load/vec4 v000001dc8efc46b0_0;
    %assign/vec4 v000001dc8efc46b0_0, 0;
    %load/vec4 v000001dc8efc5510_0;
    %assign/vec4 v000001dc8efc5510_0, 0;
    %load/vec4 v000001dc8efc4890_0;
    %assign/vec4 v000001dc8efc4890_0, 0;
    %load/vec4 v000001dc8efc4f70_0;
    %assign/vec4 v000001dc8efc4f70_0, 0;
    %load/vec4 v000001dc8efc7b60_0;
    %assign/vec4 v000001dc8efc7b60_0, 0;
    %load/vec4 v000001dc8efc7ca0_0;
    %assign/vec4 v000001dc8efc7ca0_0, 0;
    %load/vec4 v000001dc8efc5fb0_0;
    %assign/vec4 v000001dc8efc5fb0_0, 0;
    %load/vec4 v000001dc8efc4570_0;
    %assign/vec4 v000001dc8efc4570_0, 0;
    %load/vec4 v000001dc8efc5dd0_0;
    %assign/vec4 v000001dc8efc5dd0_0, 0;
    %load/vec4 v000001dc8efc7c00_0;
    %assign/vec4 v000001dc8efc7c00_0, 0;
    %load/vec4 v000001dc8efc7840_0;
    %assign/vec4 v000001dc8efc7840_0, 0;
    %load/vec4 v000001dc8efc7980_0;
    %assign/vec4 v000001dc8efc7980_0, 0;
    %load/vec4 v000001dc8efc72a0_0;
    %assign/vec4 v000001dc8efc72a0_0, 0;
T_2.1 ;
    %jmp T_2;
    .thread T_2;
    .scope S_000001dc8ebe5090;
T_3 ;
    %wait E_000001dc8ebdaa50;
    %load/vec4 v000001dc8efc7700_0;
    %nor/r;
    %flag_set/vec4 8;
    %jmp/0xz  T_3.0, 8;
    %pushi/vec4 0, 0, 8;
    %assign/vec4 v000001dc8efc6c60_0, 0;
    %pushi/vec4 0, 0, 1;
    %assign/vec4 v000001dc8efc78e0_0, 0;
    %pushi/vec4 0, 0, 1;
    %assign/vec4 v000001dc8efc5a10_0, 0;
    %pushi/vec4 0, 0, 2;
    %assign/vec4 v000001dc8efc73e0_0, 0;
    %pushi/vec4 0, 0, 1;
    %assign/vec4 v000001dc8efc6620_0, 0;
    %pushi/vec4 0, 0, 1;
    %assign/vec4 v000001dc8efc6260_0, 0;
    %pushi/vec4 0, 0, 23;
    %assign/vec4 v000001dc8efc49d0_0, 0;
    %pushi/vec4 0, 0, 24;
    %assign/vec4 v000001dc8efc58d0_0, 0;
    %pushi/vec4 0, 0, 27;
    %assign/vec4 v000001dc8efc6800_0, 0;
    %pushi/vec4 0, 0, 1;
    %assign/vec4 v000001dc8efc66c0_0, 0;
    %pushi/vec4 0, 0, 28;
    %assign/vec4 v000001dc8efc41b0_0, 0;
    %pushi/vec4 0, 0, 28;
    %assign/vec4 v000001dc8efc5290_0, 0;
    %pushi/vec4 0, 0, 28;
    %assign/vec4 v000001dc8efc5d30_0, 0;
    %jmp T_3.1;
T_3.0 ;
    %load/vec4 v000001dc8efc6ee0_0;
    %assign/vec4 v000001dc8efc6c60_0, 0;
    %load/vec4 v000001dc8efc77a0_0;
    %assign/vec4 v000001dc8efc78e0_0, 0;
    %load/vec4 v000001dc8efc5830_0;
    %assign/vec4 v000001dc8efc5a10_0, 0;
    %load/vec4 v000001dc8efc6440_0;
    %assign/vec4 v000001dc8efc73e0_0, 0;
    %load/vec4 v000001dc8efc7b60_0;
    %assign/vec4 v000001dc8efc6620_0, 0;
    %load/vec4 v000001dc8efc7ca0_0;
    %assign/vec4 v000001dc8efc6260_0, 0;
    %load/vec4 v000001dc8efc4570_0;
    %assign/vec4 v000001dc8efc49d0_0, 0;
    %load/vec4 v000001dc8efc5650_0;
    %assign/vec4 v000001dc8efc58d0_0, 0;
    %load/vec4 v000001dc8efc72a0_0;
    %assign/vec4 v000001dc8efc6800_0, 0;
    %load/vec4 v000001dc8efc7020_0;
    %assign/vec4 v000001dc8efc66c0_0, 0;
    %pushi/vec4 0, 0, 1;
    %load/vec4 v000001dc8efc5650_0;
    %concat/vec4; draw_concat_vec4
    %concati/vec4 0, 0, 3;
    %assign/vec4 v000001dc8efc41b0_0, 0;
    %pushi/vec4 0, 0, 1;
    %load/vec4 v000001dc8efc72a0_0;
    %concat/vec4; draw_concat_vec4
    %assign/vec4 v000001dc8efc5290_0, 0;
    %load/vec4 v000001dc8efc5830_0;
    %flag_set/vec4 8;
    %jmp/0xz  T_3.2, 8;
    %pushi/vec4 0, 0, 1;
    %load/vec4 v000001dc8efc5650_0;
    %concat/vec4; draw_concat_vec4
    %concati/vec4 0, 0, 3;
    %pushi/vec4 0, 0, 1;
    %load/vec4 v000001dc8efc72a0_0;
    %concat/vec4; draw_concat_vec4
    %sub;
    %assign/vec4 v000001dc8efc5d30_0, 0;
    %jmp T_3.3;
T_3.2 ;
    %pushi/vec4 0, 0, 1;
    %load/vec4 v000001dc8efc5650_0;
    %concat/vec4; draw_concat_vec4
    %concati/vec4 0, 0, 3;
    %pushi/vec4 0, 0, 1;
    %load/vec4 v000001dc8efc72a0_0;
    %concat/vec4; draw_concat_vec4
    %add;
    %assign/vec4 v000001dc8efc5d30_0, 0;
T_3.3 ;
T_3.1 ;
    %jmp T_3;
    .thread T_3;
    .scope S_000001dc8ebe5090;
T_4 ;
    %wait E_000001dc8ebdaa50;
    %load/vec4 v000001dc8efc7700_0;
    %nor/r;
    %flag_set/vec4 8;
    %jmp/0xz  T_4.0, 8;
    %pushi/vec4 0, 0, 28;
    %assign/vec4 v000001dc8efc5470_0, 0;
    %pushi/vec4 0, 0, 8;
    %assign/vec4 v000001dc8efc7a20_0, 0;
    %pushi/vec4 0, 0, 1;
    %assign/vec4 v000001dc8efc7160_0, 0;
    %pushi/vec4 0, 0, 2;
    %assign/vec4 v000001dc8efc7fc0_0, 0;
    %pushi/vec4 0, 0, 1;
    %assign/vec4 v000001dc8efc70c0_0, 0;
    %pushi/vec4 0, 0, 1;
    %assign/vec4 v000001dc8efc7480_0, 0;
    %pushi/vec4 0, 0, 23;
    %assign/vec4 v000001dc8efc5f10_0, 0;
    %pushi/vec4 0, 0, 1;
    %assign/vec4 v000001dc8efc6da0_0, 0;
    %jmp T_4.1;
T_4.0 ;
    %load/vec4 v000001dc8efc5d30_0;
    %assign/vec4 v000001dc8efc5470_0, 0;
    %load/vec4 v000001dc8efc6c60_0;
    %assign/vec4 v000001dc8efc7a20_0, 0;
    %load/vec4 v000001dc8efc78e0_0;
    %assign/vec4 v000001dc8efc7160_0, 0;
    %load/vec4 v000001dc8efc73e0_0;
    %assign/vec4 v000001dc8efc7fc0_0, 0;
    %load/vec4 v000001dc8efc6620_0;
    %assign/vec4 v000001dc8efc70c0_0, 0;
    %load/vec4 v000001dc8efc6260_0;
    %assign/vec4 v000001dc8efc7480_0, 0;
    %load/vec4 v000001dc8efc49d0_0;
    %assign/vec4 v000001dc8efc5f10_0, 0;
    %load/vec4 v000001dc8efc66c0_0;
    %assign/vec4 v000001dc8efc6da0_0, 0;
T_4.1 ;
    %jmp T_4;
    .thread T_4;
    .scope S_000001dc8ebe5090;
T_5 ;
    %wait E_000001dc8ebdaed0;
    %load/vec4 v000001dc8efc5470_0;
    %parti/s 1, 27, 6;
    %flag_set/vec4 8;
    %jmp/0xz  T_5.0, 8;
    %load/vec4 v000001dc8efc5470_0;
    %parti/s 27, 1, 2;
    %store/vec4 v000001dc8efc55b0_0, 0, 27;
    %load/vec4 v000001dc8efc7a20_0;
    %addi 1, 0, 8;
    %store/vec4 v000001dc8efc56f0_0, 0, 8;
    %jmp T_5.1;
T_5.0 ;
    %load/vec4 v000001dc8efc7d40_0;
    %pad/u 8;
    %load/vec4 v000001dc8efc7a20_0;
    %cmp/u;
    %flag_get/vec4 5;
    %jmp/0 T_5.4, 5;
    %load/vec4 v000001dc8efc4610_0;
    %parti/s 1, 26, 6;
    %and;
T_5.4;
    %flag_set/vec4 8;
    %jmp/0xz  T_5.2, 8;
    %load/vec4 v000001dc8efc7a20_0;
    %load/vec4 v000001dc8efc7d40_0;
    %pad/u 8;
    %sub;
    %store/vec4 v000001dc8efc56f0_0, 0, 8;
    %load/vec4 v000001dc8efc4610_0;
    %store/vec4 v000001dc8efc55b0_0, 0, 27;
    %jmp T_5.3;
T_5.2 ;
    %pushi/vec4 0, 0, 8;
    %store/vec4 v000001dc8efc56f0_0, 0, 8;
    %load/vec4 v000001dc8efc7a20_0;
    %pad/u 32;
    %cmpi/ne 0, 0, 32;
    %jmp/0xz  T_5.5, 4;
    %load/vec4 v000001dc8efc5470_0;
    %parti/s 27, 0, 2;
    %load/vec4 v000001dc8efc7a20_0;
    %subi 1, 0, 8;
    %ix/vec4 4;
    %shiftl 4;
    %store/vec4 v000001dc8efc55b0_0, 0, 27;
    %jmp T_5.6;
T_5.5 ;
    %load/vec4 v000001dc8efc5470_0;
    %parti/s 27, 0, 2;
    %store/vec4 v000001dc8efc55b0_0, 0, 27;
T_5.6 ;
T_5.3 ;
T_5.1 ;
    %jmp T_5;
    .thread T_5, $push;
    .scope S_000001dc8ebe5090;
T_6 ;
    %wait E_000001dc8ebdaa50;
    %load/vec4 v000001dc8efc7700_0;
    %nor/r;
    %flag_set/vec4 8;
    %jmp/0xz  T_6.0, 8;
    %pushi/vec4 0, 0, 32;
    %assign/vec4 v000001dc8efc6bc0_0, 0;
    %pushi/vec4 0, 0, 1;
    %assign/vec4 v000001dc8efc7ac0_0, 0;
    %jmp T_6.1;
T_6.0 ;
    %load/vec4 v000001dc8efc6da0_0;
    %flag_set/vec4 8;
    %jmp/0xz  T_6.2, 8;
    %load/vec4 v000001dc8efc69e0_0;
    %assign/vec4 v000001dc8efc6bc0_0, 0;
T_6.2 ;
    %load/vec4 v000001dc8efc6da0_0;
    %assign/vec4 v000001dc8efc7ac0_0, 0;
T_6.1 ;
    %jmp T_6;
    .thread T_6;
    .scope S_000001dc8ebe2c20;
T_7 ;
    %pushi/vec4 0, 0, 1;
    %store/vec4 v000001dc8efc7e80_0, 0, 1;
    %end;
    .thread T_7;
    .scope S_000001dc8ebe2c20;
T_8 ;
    %delay 5000, 0;
    %load/vec4 v000001dc8efc7e80_0;
    %inv;
    %store/vec4 v000001dc8efc7e80_0, 0, 1;
    %jmp T_8;
    .thread T_8;
    .scope S_000001dc8ebe2c20;
T_9 ;
    %vpi_call 2 36 "$dumpfile", "tb_fp32_adder.vcd" {0 0 0};
    %vpi_call 2 37 "$dumpvars", 32'sb00000000000000000000000000000000, S_000001dc8ebe2c20 {0 0 0};
    %pushi/vec4 0, 0, 1;
    %store/vec4 v000001dc8efc7520_0, 0, 1;
    %pushi/vec4 0, 0, 1;
    %store/vec4 v000001dc8efc7200_0, 0, 1;
    %pushi/vec4 0, 0, 32;
    %store/vec4 v000001dc8efc7340_0, 0, 32;
    %pushi/vec4 0, 0, 32;
    %store/vec4 v000001dc8efc7de0_0, 0, 32;
    %pushi/vec4 0, 0, 2;
    %store/vec4 v000001dc8efc68a0_0, 0, 2;
    %pushi/vec4 0, 0, 1;
    %store/vec4 v000001dc8efc7660_0, 0, 1;
    %delay 20000, 0;
    %pushi/vec4 1, 0, 1;
    %store/vec4 v000001dc8efc7520_0, 0, 1;
    %pushi/vec4 1073741824, 0, 32;
    %store/vec4 v000001dc8efc7340_0, 0, 32;
    %pushi/vec4 1077936128, 0, 32;
    %store/vec4 v000001dc8efc7de0_0, 0, 32;
    %pushi/vec4 0, 0, 1;
    %store/vec4 v000001dc8efc7660_0, 0, 1;
    %pushi/vec4 1, 0, 1;
    %store/vec4 v000001dc8efc7200_0, 0, 1;
    %delay 10000, 0;
    %pushi/vec4 0, 0, 1;
    %store/vec4 v000001dc8efc7200_0, 0, 1;
T_9.0 ;
    %load/vec4 v000001dc8efc6120_0;
    %cmpi/ne 1, 0, 1;
    %jmp/0xz T_9.1, 6;
    %wait E_000001dc8ebdb3d0;
    %jmp T_9.0;
T_9.1 ;
    %vpi_call 2 58 "$display", "Test1: 2.0 + 3.0 -> s=0x%08h", v000001dc8efc63a0_0 {0 0 0};
    %delay 5000, 0;
    %pushi/vec4 1085276160, 0, 32;
    %store/vec4 v000001dc8efc7340_0, 0, 32;
    %pushi/vec4 1069547520, 0, 32;
    %store/vec4 v000001dc8efc7de0_0, 0, 32;
    %pushi/vec4 1, 0, 1;
    %store/vec4 v000001dc8efc7660_0, 0, 1;
    %pushi/vec4 1, 0, 1;
    %store/vec4 v000001dc8efc7200_0, 0, 1;
    %delay 10000, 0;
    %pushi/vec4 0, 0, 1;
    %store/vec4 v000001dc8efc7200_0, 0, 1;
T_9.2 ;
    %load/vec4 v000001dc8efc6120_0;
    %cmpi/ne 1, 0, 1;
    %jmp/0xz T_9.3, 6;
    %wait E_000001dc8ebdb3d0;
    %jmp T_9.2;
T_9.3 ;
    %vpi_call 2 69 "$display", "Test2: 5.5 - 1.5 -> s=0x%08h", v000001dc8efc63a0_0 {0 0 0};
    %delay 5000, 0;
    %pushi/vec4 1077936128, 0, 32;
    %store/vec4 v000001dc8efc7340_0, 0, 32;
    %pushi/vec4 3222274048, 0, 32;
    %store/vec4 v000001dc8efc7de0_0, 0, 32;
    %pushi/vec4 0, 0, 1;
    %store/vec4 v000001dc8efc7660_0, 0, 1;
    %pushi/vec4 1, 0, 1;
    %store/vec4 v000001dc8efc7200_0, 0, 1;
    %delay 10000, 0;
    %pushi/vec4 0, 0, 1;
    %store/vec4 v000001dc8efc7200_0, 0, 1;
T_9.4 ;
    %load/vec4 v000001dc8efc6120_0;
    %cmpi/ne 1, 0, 1;
    %jmp/0xz T_9.5, 6;
    %wait E_000001dc8ebdb3d0;
    %jmp T_9.4;
T_9.5 ;
    %vpi_call 2 80 "$display", "Test3: 3 + -2.25 -> s=0x%08h", v000001dc8efc63a0_0 {0 0 0};
    %delay 5000, 0;
    %pushi/vec4 2139095040, 0, 32;
    %store/vec4 v000001dc8efc7340_0, 0, 32;
    %pushi/vec4 1065353216, 0, 32;
    %store/vec4 v000001dc8efc7de0_0, 0, 32;
    %pushi/vec4 0, 0, 1;
    %store/vec4 v000001dc8efc7660_0, 0, 1;
    %pushi/vec4 1, 0, 1;
    %store/vec4 v000001dc8efc7200_0, 0, 1;
    %delay 10000, 0;
    %pushi/vec4 0, 0, 1;
    %store/vec4 v000001dc8efc7200_0, 0, 1;
T_9.6 ;
    %load/vec4 v000001dc8efc6120_0;
    %cmpi/ne 1, 0, 1;
    %jmp/0xz T_9.7, 6;
    %wait E_000001dc8ebdb3d0;
    %jmp T_9.6;
T_9.7 ;
    %vpi_call 2 91 "$display", "Test4: +Inf + 1.0 -> s=0x%08h", v000001dc8efc63a0_0 {0 0 0};
    %delay 5000, 0;
    %pushi/vec4 2143363909, 0, 32;
    %store/vec4 v000001dc8efc7340_0, 0, 32;
    %pushi/vec4 1073741824, 0, 32;
    %store/vec4 v000001dc8efc7de0_0, 0, 32;
    %pushi/vec4 1, 0, 1;
    %store/vec4 v000001dc8efc7660_0, 0, 1;
    %pushi/vec4 1, 0, 1;
    %store/vec4 v000001dc8efc7200_0, 0, 1;
    %delay 10000, 0;
    %pushi/vec4 0, 0, 1;
    %store/vec4 v000001dc8efc7200_0, 0, 1;
T_9.8 ;
    %load/vec4 v000001dc8efc6120_0;
    %cmpi/ne 1, 0, 1;
    %jmp/0xz T_9.9, 6;
    %wait E_000001dc8ebdb3d0;
    %jmp T_9.8;
T_9.9 ;
    %vpi_call 2 102 "$display", "Test5: NaN - 2.0 -> s=0x%08h", v000001dc8efc63a0_0 {0 0 0};
    %delay 5000, 0;
    %delay 20000, 0;
    %vpi_call 2 105 "$finish" {0 0 0};
    %end;
    .thread T_9;
# The file index is used to find the file name in the following table.
:file_names 4;
    "N/A";
    "<interactive>";
    "tb_fp32_adder.v";
    "./fp32_adder.v";
