#! /c/Source/iverilog-install/bin/vvp
:ivl_version "12.0 (devel)" "(s20150603-1539-g2693dd32b)";
:ivl_delay_selection "TYPICAL";
:vpi_time_precision - 12;
:vpi_module "C:\SPINAL~1\iverilog\lib\ivl\system.vpi";
:vpi_module "C:\SPINAL~1\iverilog\lib\ivl\vhdl_sys.vpi";
:vpi_module "C:\SPINAL~1\iverilog\lib\ivl\vhdl_textio.vpi";
:vpi_module "C:\SPINAL~1\iverilog\lib\ivl\v2005_math.vpi";
:vpi_module "C:\SPINAL~1\iverilog\lib\ivl\va_math.vpi";
S_000001707baf32f0 .scope module, "tb_float2fxp_pipe" "tb_float2fxp_pipe" 2 90;
 .timescale -9 -12;
P_000001707baabf00 .param/l "ROUND" 0 2 95, +C4<00000000000000000000000000000001>;
P_000001707baabf38 .param/l "WOF" 0 2 94, +C4<00000000000000000000000000000000>;
P_000001707baabf70 .param/l "WOI" 0 2 93, +C4<00000000000000000000000000001000>;
v000001707bb70290_0 .var "clk", 0 0;
v000001707bb6ff70_0 .var "ena", 0 0;
v000001707bb70150_0 .var/i "i", 31 0;
v000001707bb70470_0 .var "in", 31 0;
v000001707bb6fcf0_0 .net "out", 7 0, v000001707bb6f980_0;  1 drivers
v000001707bb70970_0 .net "out_valid", 0 0, v000001707bb6fa20_0;  1 drivers
v000001707bb708d0_0 .net "overflow", 0 0, v000001707bb70510_0;  1 drivers
v000001707bb716d0_0 .var "rstn", 0 0;
v000001707bb713b0 .array "test_vectors", 9 0, 31 0;
E_000001707baea7b0 .event posedge, v000001707baeeae0_0;
S_000001707baf3480 .scope module, "u_float2fxp" "float2fxp_pipe" 2 110, 3 439 0, S_000001707baf32f0;
 .timescale -9 -12;
    .port_info 0 /INPUT 1 "rstn";
    .port_info 1 /INPUT 1 "clk";
    .port_info 2 /INPUT 32 "in";
    .port_info 3 /INPUT 1 "ena";
    .port_info 4 /OUTPUT 8 "out";
    .port_info 5 /OUTPUT 1 "overflow";
    .port_info 6 /OUTPUT 1 "out_valid";
P_000001707bb0f390 .param/l "ONEO" 1 3 453, C4<00000001>;
P_000001707bb0f3c8 .param/l "ROUND" 0 3 442, +C4<00000000000000000000000000000001>;
P_000001707bb0f400 .param/l "WOF" 0 3 441, +C4<00000000000000000000000000000000>;
P_000001707bb0f438 .param/l "WOI" 0 3 440, +C4<00000000000000000000000000001000>;
L_000001707bae7d30 .functor BUFZ 32, v000001707bb70470_0, C4<00000000000000000000000000000000>, C4<00000000000000000000000000000000>, C4<00000000000000000000000000000000>;
v000001707baabb70_0 .net *"_ivl_0", 22 0, L_000001707bb711d0;  1 drivers
v000001707bac3060_0 .net *"_ivl_12", 0 0, L_000001707bb70ff0;  1 drivers
v000001707bac2ef0_0 .net *"_ivl_7", 31 0, L_000001707bae7d30;  1 drivers
v000001707baeeae0_0 .net "clk", 0 0, v000001707bb70290_0;  1 drivers
v000001707bb0f610_0 .net "ena", 0 0, v000001707bb6ff70_0;  1 drivers
v000001707bb0f6b0_0 .net "exp", 7 0, L_000001707bb71130;  1 drivers
v000001707bb0f750_0 .var/s "expinit", 31 0;
v000001707bb6f8e0_0 .net "in", 31 0, v000001707bb70470_0;  1 drivers
v000001707bb6f980_0 .var "out", 7 0;
v000001707bb6fa20_0 .var "out_valid", 0 0;
v000001707bb70330_0 .var "outinit", 7 0;
v000001707bb6fb10_0 .var "outl", 7 0;
v000001707bb701f0_0 .var "outt", 7 0;
v000001707bb70510_0 .var "overflow", 0 0;
v000001707bb70010_0 .var "round_s2", 0 0;
v000001707bb70830_0 .var "roundinit", 0 0;
v000001707bb6fc50_0 .net "rstn", 0 0, v000001707bb716d0_0;  1 drivers
v000001707bb70a10_0 .var/i "sh", 31 0;
v000001707bb705b0_0 .var "shifted_s2", 7 0;
v000001707bb6fe30_0 .net "sign", 0 0, L_000001707bb714f0;  1 drivers
v000001707bb70650_0 .var "sign_s2", 0 0;
v000001707bb6fd90_0 .var "signinit", 0 0;
v000001707bb703d0_0 .var "signl", 0 0;
v000001707bb700b0_0 .net "val", 23 0, L_000001707bb720d0;  1 drivers
v000001707bb6fbb0_0 .var "valid_s1", 0 0;
v000001707bb6fed0_0 .var "valid_s2", 0 0;
v000001707bb706f0_0 .var "valid_s3", 0 0;
v000001707bb70790_0 .var "valid_s4", 0 0;
L_000001707bb714f0 .part L_000001707bae7d30, 31, 1;
L_000001707bb71130 .part L_000001707bae7d30, 23, 8;
L_000001707bb711d0 .part L_000001707bae7d30, 0, 23;
L_000001707bb720d0 .concat8 [ 23 1 0 0], L_000001707bb711d0, L_000001707bb70ff0;
L_000001707bb70ff0 .reduce/or L_000001707bb71130;
S_000001707bb0f480 .scope generate, "genblk1" "genblk1" 3 472, 3 472 0, S_000001707baf3480;
 .timescale -9 -12;
E_000001707baea430/0 .event negedge, v000001707bb6fc50_0;
E_000001707baea430/1 .event posedge, v000001707baeeae0_0;
E_000001707baea430 .event/or E_000001707baea430/0, E_000001707baea430/1;
    .scope S_000001707bb0f480;
T_0 ;
    %wait E_000001707baea430;
    %load/vec4 v000001707bb6fc50_0;
    %inv;
    %flag_set/vec4 8;
    %jmp/0xz  T_0.0, 8;
    %pushi/vec4 0, 0, 8;
    %assign/vec4 v000001707bb70330_0, 0;
    %pushi/vec4 0, 0, 1;
    %assign/vec4 v000001707bb70830_0, 0;
    %pushi/vec4 0, 0, 1;
    %assign/vec4 v000001707bb6fbb0_0, 0;
    %jmp T_0.1;
T_0.0 ;
    %load/vec4 v000001707bb0f610_0;
    %flag_set/vec4 8;
    %jmp/0xz  T_0.2, 8;
    %load/vec4 v000001707bb700b0_0;
    %parti/s 8, 16, 6;
    %assign/vec4 v000001707bb70330_0, 0;
    %pushi/vec4 1, 0, 1;
    %flag_set/vec4 8;
    %flag_get/vec4 8;
    %jmp/0 T_0.4, 8;
    %load/vec4 v000001707bb700b0_0;
    %parti/s 1, 15, 5;
    %and;
T_0.4;
    %assign/vec4 v000001707bb70830_0, 0;
    %pushi/vec4 1, 0, 1;
    %assign/vec4 v000001707bb6fbb0_0, 0;
    %jmp T_0.3;
T_0.2 ;
    %pushi/vec4 0, 0, 1;
    %assign/vec4 v000001707bb6fbb0_0, 0;
T_0.3 ;
T_0.1 ;
    %jmp T_0;
    .thread T_0;
    .scope S_000001707baf3480;
T_1 ;
    %pushi/vec4 0, 0, 1;
    %store/vec4 v000001707bb6fd90_0, 0, 1;
    %pushi/vec4 0, 0, 1;
    %store/vec4 v000001707bb70830_0, 0, 1;
    %pushi/vec4 0, 0, 32;
    %store/vec4 v000001707bb0f750_0, 0, 32;
    %pushi/vec4 0, 0, 8;
    %store/vec4 v000001707bb70330_0, 0, 8;
    %pushi/vec4 0, 0, 1;
    %store/vec4 v000001707bb6fbb0_0, 0, 1;
    %pushi/vec4 0, 0, 1;
    %store/vec4 v000001707bb703d0_0, 0, 1;
    %pushi/vec4 0, 0, 8;
    %store/vec4 v000001707bb6fb10_0, 0, 8;
    %end;
    .thread T_1;
    .scope S_000001707baf3480;
T_2 ;
    %pushi/vec4 0, 0, 10;
    %split/vec4 1;
    %store/vec4 v000001707bb6fa20_0, 0, 1;
    %split/vec4 1;
    %store/vec4 v000001707bb70510_0, 0, 1;
    %store/vec4 v000001707bb6f980_0, 0, 8;
    %end;
    .thread T_2;
    .scope S_000001707baf3480;
T_3 ;
    %wait E_000001707baea430;
    %load/vec4 v000001707bb6fc50_0;
    %inv;
    %flag_set/vec4 8;
    %jmp/0xz  T_3.0, 8;
    %pushi/vec4 0, 0, 1;
    %assign/vec4 v000001707bb6fd90_0, 0;
    %pushi/vec4 0, 0, 32;
    %assign/vec4 v000001707bb0f750_0, 0;
    %jmp T_3.1;
T_3.0 ;
    %load/vec4 v000001707bb0f610_0;
    %flag_set/vec4 8;
    %jmp/0xz  T_3.2, 8;
    %load/vec4 v000001707bb6fe30_0;
    %assign/vec4 v000001707bb6fd90_0, 0;
    %load/vec4 v000001707bb0f6b0_0;
    %cmpi/e 255, 0, 8;
    %jmp/1 T_3.6, 4;
    %flag_mov 8, 4;
    %pushi/vec4 0, 0, 24;
    %load/vec4 v000001707bb0f6b0_0;
    %concat/vec4; draw_concat_vec4
    %cmpi/u 134, 0, 32;
    %flag_or 5, 4; GT is !LE
    %flag_inv 5;
    %flag_or 5, 8;
    %flag_mov 4, 5;
T_3.6;
    %jmp/0xz  T_3.4, 4;
    %pushi/vec4 0, 0, 32;
    %assign/vec4 v000001707bb0f750_0, 0;
    %jmp T_3.5;
T_3.4 ;
    %pushi/vec4 0, 0, 24;
    %load/vec4 v000001707bb0f6b0_0;
    %concat/vec4; draw_concat_vec4
    %subi 134, 0, 32;
    %assign/vec4 v000001707bb0f750_0, 0;
T_3.5 ;
T_3.2 ;
T_3.1 ;
    %jmp T_3;
    .thread T_3;
    .scope S_000001707baf3480;
T_4 ;
    %wait E_000001707baea430;
    %load/vec4 v000001707bb6fc50_0;
    %inv;
    %flag_set/vec4 8;
    %jmp/0xz  T_4.0, 8;
    %pushi/vec4 0, 0, 1;
    %assign/vec4 v000001707bb70650_0, 0;
    %pushi/vec4 0, 0, 8;
    %assign/vec4 v000001707bb705b0_0, 0;
    %pushi/vec4 0, 0, 1;
    %assign/vec4 v000001707bb70010_0, 0;
    %pushi/vec4 0, 0, 1;
    %assign/vec4 v000001707bb6fed0_0, 0;
    %jmp T_4.1;
T_4.0 ;
    %load/vec4 v000001707bb6fd90_0;
    %assign/vec4 v000001707bb70650_0, 0;
    %load/vec4 v000001707bb6fbb0_0;
    %assign/vec4 v000001707bb6fed0_0, 0;
    %load/vec4 v000001707bb6fbb0_0;
    %flag_set/vec4 8;
    %jmp/0xz  T_4.2, 8;
    %load/vec4 v000001707bb0f750_0;
    %cmpi/s 0, 0, 32;
    %flag_or 5, 4; GT is !LE
    %flag_inv 5;
    %jmp/0xz  T_4.4, 5;
    %load/vec4 v000001707bb0f750_0;
    %cmpi/s 8, 0, 32;
    %jmp/0xz  T_4.6, 5;
    %load/vec4 v000001707bb70330_0;
    %load/vec4 v000001707bb0f750_0;
    %ix/vec4 4;
    %shiftl 4;
    %assign/vec4 v000001707bb705b0_0, 0;
    %pushi/vec4 0, 0, 1;
    %assign/vec4 v000001707bb70010_0, 0;
    %jmp T_4.7;
T_4.6 ;
    %pushi/vec4 255, 0, 8;
    %assign/vec4 v000001707bb705b0_0, 0;
    %pushi/vec4 0, 0, 1;
    %assign/vec4 v000001707bb70010_0, 0;
T_4.7 ;
    %jmp T_4.5;
T_4.4 ;
    %load/vec4 v000001707bb0f750_0;
    %cmpi/s 0, 0, 32;
    %jmp/0xz  T_4.8, 5;
    %load/vec4 v000001707bb0f750_0;
    %inv;
    %pushi/vec4 1, 0, 32;
    %add;
    %store/vec4 v000001707bb70a10_0, 0, 32;
    %load/vec4 v000001707bb70a10_0;
    %cmpi/s 8, 0, 32;
    %jmp/0xz  T_4.10, 5;
    %load/vec4 v000001707bb70330_0;
    %load/vec4 v000001707bb70a10_0;
    %ix/vec4 4;
    %shiftr 4;
    %assign/vec4 v000001707bb705b0_0, 0;
    %pushi/vec4 1, 0, 1;
    %flag_set/vec4 9;
    %flag_get/vec4 9;
    %jmp/0 T_4.14, 9;
    %pushi/vec4 0, 0, 32;
    %load/vec4 v000001707bb70a10_0;
    %cmp/s;
    %flag_get/vec4 5;
    %and;
T_4.14;
    %flag_set/vec4 8;
    %jmp/0 T_4.12, 8;
    %load/vec4 v000001707bb70330_0;
    %load/vec4 v000001707bb70a10_0;
    %subi 1, 0, 32;
    %part/s 1;
    %jmp/1 T_4.13, 8;
T_4.12 ; End of true expr.
    %pushi/vec4 0, 0, 1;
    %jmp/0 T_4.13, 8;
 ; End of false expr.
    %blend;
T_4.13;
    %assign/vec4 v000001707bb70010_0, 0;
    %jmp T_4.11;
T_4.10 ;
    %pushi/vec4 0, 0, 8;
    %assign/vec4 v000001707bb705b0_0, 0;
    %pushi/vec4 0, 0, 1;
    %assign/vec4 v000001707bb70010_0, 0;
T_4.11 ;
    %jmp T_4.9;
T_4.8 ;
    %load/vec4 v000001707bb70330_0;
    %assign/vec4 v000001707bb705b0_0, 0;
    %load/vec4 v000001707bb70830_0;
    %assign/vec4 v000001707bb70010_0, 0;
T_4.9 ;
T_4.5 ;
T_4.2 ;
T_4.1 ;
    %jmp T_4;
    .thread T_4;
    .scope S_000001707baf3480;
T_5 ;
    %wait E_000001707baea430;
    %load/vec4 v000001707bb6fc50_0;
    %inv;
    %flag_set/vec4 8;
    %jmp/0xz  T_5.0, 8;
    %pushi/vec4 0, 0, 8;
    %assign/vec4 v000001707bb6fb10_0, 0;
    %pushi/vec4 0, 0, 1;
    %assign/vec4 v000001707bb703d0_0, 0;
    %pushi/vec4 0, 0, 1;
    %assign/vec4 v000001707bb706f0_0, 0;
    %jmp T_5.1;
T_5.0 ;
    %load/vec4 v000001707bb6fed0_0;
    %assign/vec4 v000001707bb706f0_0, 0;
    %load/vec4 v000001707bb6fed0_0;
    %flag_set/vec4 8;
    %jmp/0xz  T_5.2, 8;
    %load/vec4 v000001707bb705b0_0;
    %store/vec4 v000001707bb701f0_0, 0, 8;
    %pushi/vec4 1, 0, 32;
    %load/vec4 v000001707bb70010_0;
    %pad/u 32;
    %and;
    %load/vec4 v000001707bb701f0_0;
    %and/r;
    %pad/u 32;
    %inv;
    %and;
    %cmpi/ne 0, 0, 32;
    %jmp/0xz  T_5.4, 4;
    %load/vec4 v000001707bb701f0_0;
    %addi 1, 0, 8;
    %store/vec4 v000001707bb701f0_0, 0, 8;
T_5.4 ;
    %load/vec4 v000001707bb70650_0;
    %flag_set/vec4 8;
    %jmp/0xz  T_5.6, 8;
    %load/vec4 v000001707bb701f0_0;
    %pad/u 32;
    %pushi/vec4 0, 0, 32;
    %cmp/ne;
    %flag_get/vec4 4;
    %assign/vec4 v000001707bb703d0_0, 0;
    %load/vec4 v000001707bb701f0_0;
    %inv;
    %addi 1, 0, 8;
    %store/vec4 v000001707bb701f0_0, 0, 8;
    %jmp T_5.7;
T_5.6 ;
    %pushi/vec4 0, 0, 1;
    %assign/vec4 v000001707bb703d0_0, 0;
T_5.7 ;
    %load/vec4 v000001707bb701f0_0;
    %assign/vec4 v000001707bb6fb10_0, 0;
T_5.2 ;
T_5.1 ;
    %jmp T_5;
    .thread T_5;
    .scope S_000001707baf3480;
T_6 ;
    %wait E_000001707baea430;
    %load/vec4 v000001707bb6fc50_0;
    %inv;
    %flag_set/vec4 8;
    %jmp/0xz  T_6.0, 8;
    %pushi/vec4 0, 0, 8;
    %assign/vec4 v000001707bb6f980_0, 0;
    %pushi/vec4 0, 0, 1;
    %assign/vec4 v000001707bb70510_0, 0;
    %pushi/vec4 0, 0, 1;
    %assign/vec4 v000001707bb6fa20_0, 0;
    %pushi/vec4 0, 0, 1;
    %assign/vec4 v000001707bb70790_0, 0;
    %jmp T_6.1;
T_6.0 ;
    %load/vec4 v000001707bb706f0_0;
    %assign/vec4 v000001707bb70790_0, 0;
    %load/vec4 v000001707bb706f0_0;
    %assign/vec4 v000001707bb6fa20_0, 0;
    %load/vec4 v000001707bb706f0_0;
    %flag_set/vec4 8;
    %jmp/0xz  T_6.2, 8;
    %load/vec4 v000001707bb6fb10_0;
    %assign/vec4 v000001707bb6f980_0, 0;
    %pushi/vec4 0, 0, 1;
    %assign/vec4 v000001707bb70510_0, 0;
    %load/vec4 v000001707bb703d0_0;
    %flag_set/vec4 8;
    %jmp/0xz  T_6.4, 8;
    %load/vec4 v000001707bb6fb10_0;
    %parti/s 1, 7, 4;
    %inv;
    %flag_set/vec4 8;
    %jmp/0xz  T_6.6, 8;
    %pushi/vec4 1, 0, 1;
    %ix/load 4, 7, 0;
    %ix/load 5, 0, 0;
    %flag_set/imm 4, 0;
    %assign/vec4/off/d v000001707bb6f980_0, 4, 5;
    %pushi/vec4 0, 0, 7;
    %ix/load 4, 0, 0;
    %ix/load 5, 0, 0;
    %flag_set/imm 4, 0;
    %assign/vec4/off/d v000001707bb6f980_0, 4, 5;
    %pushi/vec4 1, 0, 1;
    %assign/vec4 v000001707bb70510_0, 0;
T_6.6 ;
    %jmp T_6.5;
T_6.4 ;
    %load/vec4 v000001707bb6fb10_0;
    %parti/s 1, 7, 4;
    %flag_set/vec4 8;
    %jmp/0xz  T_6.8, 8;
    %pushi/vec4 0, 0, 1;
    %ix/load 4, 7, 0;
    %ix/load 5, 0, 0;
    %flag_set/imm 4, 0;
    %assign/vec4/off/d v000001707bb6f980_0, 4, 5;
    %pushi/vec4 127, 0, 7;
    %ix/load 4, 0, 0;
    %ix/load 5, 0, 0;
    %flag_set/imm 4, 0;
    %assign/vec4/off/d v000001707bb6f980_0, 4, 5;
    %pushi/vec4 1, 0, 1;
    %assign/vec4 v000001707bb70510_0, 0;
T_6.8 ;
T_6.5 ;
T_6.2 ;
T_6.1 ;
    %jmp T_6;
    .thread T_6;
    .scope S_000001707baf32f0;
T_7 ;
    %pushi/vec4 0, 0, 1;
    %store/vec4 v000001707bb70290_0, 0, 1;
    %end;
    .thread T_7;
    .scope S_000001707baf32f0;
T_8 ;
    %delay 5000, 0;
    %load/vec4 v000001707bb70290_0;
    %inv;
    %store/vec4 v000001707bb70290_0, 0, 1;
    %jmp T_8;
    .thread T_8;
    .scope S_000001707baf32f0;
T_9 ;
    %vpi_call 2 129 "$dumpfile", "tb_float2fxp_pipe.vcd" {0 0 0};
    %vpi_call 2 130 "$dumpvars", 32'sb00000000000000000000000000000000, S_000001707baf32f0 {0 0 0};
    %pushi/vec4 0, 0, 1;
    %store/vec4 v000001707bb716d0_0, 0, 1;
    %pushi/vec4 0, 0, 1;
    %store/vec4 v000001707bb6ff70_0, 0, 1;
    %pushi/vec4 0, 0, 32;
    %store/vec4 v000001707bb70470_0, 0, 32;
    %delay 20000, 0;
    %pushi/vec4 1, 0, 1;
    %store/vec4 v000001707bb716d0_0, 0, 1;
    %pushi/vec4 1065353216, 0, 32;
    %ix/load 4, 0, 0;
    %flag_set/imm 4, 0;
    %store/vec4a v000001707bb713b0, 4, 0;
    %pushi/vec4 1073741824, 0, 32;
    %ix/load 4, 1, 0;
    %flag_set/imm 4, 0;
    %store/vec4a v000001707bb713b0, 4, 0;
    %pushi/vec4 1075838976, 0, 32;
    %ix/load 4, 2, 0;
    %flag_set/imm 4, 0;
    %store/vec4a v000001707bb713b0, 4, 0;
    %pushi/vec4 3212836864, 0, 32;
    %ix/load 4, 3, 0;
    %flag_set/imm 4, 0;
    %store/vec4a v000001707bb713b0, 4, 0;
    %pushi/vec4 3221225472, 0, 32;
    %ix/load 4, 4, 0;
    %flag_set/imm 4, 0;
    %store/vec4a v000001707bb713b0, 4, 0;
    %pushi/vec4 0, 0, 32;
    %ix/load 4, 5, 0;
    %flag_set/imm 4, 0;
    %store/vec4a v000001707bb713b0, 4, 0;
    %pushi/vec4 2139095040, 0, 32;
    %ix/load 4, 6, 0;
    %flag_set/imm 4, 0;
    %store/vec4a v000001707bb713b0, 4, 0;
    %pushi/vec4 4286578688, 0, 32;
    %ix/load 4, 7, 0;
    %flag_set/imm 4, 0;
    %store/vec4a v000001707bb713b0, 4, 0;
    %pushi/vec4 2143289344, 0, 32;
    %ix/load 4, 8, 0;
    %flag_set/imm 4, 0;
    %store/vec4a v000001707bb713b0, 4, 0;
    %pushi/vec4 1092616192, 0, 32;
    %ix/load 4, 9, 0;
    %flag_set/imm 4, 0;
    %store/vec4a v000001707bb713b0, 4, 0;
    %pushi/vec4 0, 0, 32;
    %store/vec4 v000001707bb70150_0, 0, 32;
T_9.0 ;
    %load/vec4 v000001707bb70150_0;
    %cmpi/s 10, 0, 32;
    %jmp/0xz T_9.1, 5;
    %ix/getv/s 4, v000001707bb70150_0;
    %load/vec4a v000001707bb713b0, 4;
    %store/vec4 v000001707bb70470_0, 0, 32;
    %pushi/vec4 1, 0, 1;
    %store/vec4 v000001707bb6ff70_0, 0, 1;
    %delay 10000, 0;
    %pushi/vec4 0, 0, 1;
    %store/vec4 v000001707bb6ff70_0, 0, 1;
    %delay 10000, 0;
    %load/vec4 v000001707bb70150_0;
    %addi 1, 0, 32;
    %store/vec4 v000001707bb70150_0, 0, 32;
    %jmp T_9.0;
T_9.1 ;
    %delay 50000, 0;
    %vpi_call 2 161 "$finish" {0 0 0};
    %end;
    .thread T_9;
    .scope S_000001707baf32f0;
T_10 ;
    %wait E_000001707baea7b0;
    %load/vec4 v000001707bb70970_0;
    %flag_set/vec4 8;
    %jmp/0xz  T_10.0, 8;
    %vpi_call 2 167 "$display", "Time=%0t | in=0x%08h | out=0x%0h | overflow=%b | valid=%b", $time, v000001707bb70470_0, v000001707bb6fcf0_0, v000001707bb708d0_0, v000001707bb70970_0 {0 0 0};
T_10.0 ;
    %jmp T_10;
    .thread T_10;
# The file index is used to find the file name in the following table.
:file_names 4;
    "N/A";
    "<interactive>";
    "tb_float2fxp.v";
    "./float2fxp.v";
