#! /c/Source/iverilog-install/bin/vvp
:ivl_version "12.0 (devel)" "(s20150603-1539-g2693dd32b)";
:ivl_delay_selection "TYPICAL";
:vpi_time_precision - 12;
:vpi_module "C:\SPINAL~1\iverilog\lib\ivl\system.vpi";
:vpi_module "C:\SPINAL~1\iverilog\lib\ivl\vhdl_sys.vpi";
:vpi_module "C:\SPINAL~1\iverilog\lib\ivl\vhdl_textio.vpi";
:vpi_module "C:\SPINAL~1\iverilog\lib\ivl\v2005_math.vpi";
:vpi_module "C:\SPINAL~1\iverilog\lib\ivl\va_math.vpi";
S_00000156befbbd00 .scope module, "tb_fxp2float_pipeline" "tb_fxp2float_pipeline" 2 44;
 .timescale -9 -12;
P_00000156bee73060 .param/l "FRAC" 0 2 48, +C4<00000000000000000000000000001000>;
P_00000156bee73098 .param/l "N" 0 2 47, +C4<00000000000000000000000000010000>;
v00000156bef08620_0 .var "clk", 0 0;
v00000156bef08440_0 .net "fp_out", 31 0, v00000156befbbe90_0;  1 drivers
v00000156bef08760_0 .var "fxp_in", 15 0;
v00000156bef08260_0 .var/i "i", 31 0;
v00000156bef08940_0 .var "rstn", 0 0;
v00000156bef08800 .array "test_values", 6 0, 15 0;
v00000156bef08300_0 .var "valid_in", 0 0;
v00000156bef084e0_0 .net "valid_out", 0 0, v00000156bef088a0_0;  1 drivers
E_00000156bee99600 .event posedge, v00000156bee97290_0;
S_00000156bee9afd0 .scope module, "uut" "fxp2float_pipeline" 2 70, 3 120 0, S_00000156befbbd00;
 .timescale -9 -12;
    .port_info 0 /INPUT 1 "clk";
    .port_info 1 /INPUT 1 "rstn";
    .port_info 2 /INPUT 16 "fxp_in";
    .port_info 3 /INPUT 1 "valid_in";
    .port_info 4 /OUTPUT 32 "fp_out";
    .port_info 5 /OUTPUT 1 "valid_out";
P_00000156bee99d40 .param/l "FRAC" 0 3 122, +C4<00000000000000000000000000001000>;
P_00000156bee99d78 .param/l "N" 0 3 121, +C4<00000000000000000000000000010000>;
v00000156bee73260_0 .var "abs_val_s1", 15 0;
v00000156bee72ed0_0 .var "abs_val_s2", 15 0;
v00000156bee97290_0 .net "clk", 0 0, v00000156bef08620_0;  1 drivers
v00000156bee97330_0 .var "exponent_s3", 7 0;
v00000156befbbe90_0 .var "fp_out", 31 0;
v00000156befbbf30_0 .net "fxp_in", 15 0, v00000156bef08760_0;  1 drivers
v00000156bee9b160_0 .var/i "i", 31 0;
v00000156bee9b200_0 .var "mantissa_long_s3", 31 0;
v00000156bee9b2a0_0 .var "mantissa_s3", 22 0;
v00000156bee729c0_0 .var "msb_pos_s2", 4 0;
v00000156bee72a60_0 .net "rstn", 0 0, v00000156bef08940_0;  1 drivers
v00000156bee72b00_0 .var/i "shift_s3", 31 0;
v00000156bee72ba0_0 .var "sign_s1", 0 0;
v00000156bee72c40_0 .var "sign_s2", 0 0;
v00000156bef083a0_0 .var "sign_s3", 0 0;
v00000156bef08580_0 .net "valid_in", 0 0, v00000156bef08300_0;  1 drivers
v00000156bef088a0_0 .var "valid_out", 0 0;
v00000156bef086c0_0 .var "valid_s1", 0 0;
v00000156bef08b20_0 .var "valid_s2", 0 0;
v00000156bef081c0_0 .var "valid_s3", 0 0;
E_00000156bee99300/0 .event negedge, v00000156bee72a60_0;
E_00000156bee99300/1 .event posedge, v00000156bee97290_0;
E_00000156bee99300 .event/or E_00000156bee99300/0, E_00000156bee99300/1;
    .scope S_00000156bee9afd0;
T_0 ;
    %wait E_00000156bee99300;
    %load/vec4 v00000156bee72a60_0;
    %nor/r;
    %flag_set/vec4 8;
    %jmp/0xz  T_0.0, 8;
    %pushi/vec4 0, 0, 16;
    %assign/vec4 v00000156bee73260_0, 0;
    %pushi/vec4 0, 0, 1;
    %assign/vec4 v00000156bee72ba0_0, 0;
    %pushi/vec4 0, 0, 1;
    %assign/vec4 v00000156bef086c0_0, 0;
    %jmp T_0.1;
T_0.0 ;
    %load/vec4 v00000156befbbf30_0;
    %parti/s 1, 15, 5;
    %assign/vec4 v00000156bee72ba0_0, 0;
    %load/vec4 v00000156befbbf30_0;
    %parti/s 1, 15, 5;
    %flag_set/vec4 8;
    %jmp/0 T_0.2, 8;
    %load/vec4 v00000156befbbf30_0;
    %inv;
    %pushi/vec4 1, 0, 16;
    %add;
    %jmp/1 T_0.3, 8;
T_0.2 ; End of true expr.
    %load/vec4 v00000156befbbf30_0;
    %jmp/0 T_0.3, 8;
 ; End of false expr.
    %blend;
T_0.3;
    %assign/vec4 v00000156bee73260_0, 0;
    %load/vec4 v00000156bef08580_0;
    %assign/vec4 v00000156bef086c0_0, 0;
T_0.1 ;
    %jmp T_0;
    .thread T_0;
    .scope S_00000156bee9afd0;
T_1 ;
    %wait E_00000156bee99300;
    %load/vec4 v00000156bee72a60_0;
    %nor/r;
    %flag_set/vec4 8;
    %jmp/0xz  T_1.0, 8;
    %pushi/vec4 0, 0, 16;
    %assign/vec4 v00000156bee72ed0_0, 0;
    %pushi/vec4 0, 0, 1;
    %assign/vec4 v00000156bee72c40_0, 0;
    %pushi/vec4 0, 0, 1;
    %assign/vec4 v00000156bef08b20_0, 0;
    %pushi/vec4 0, 0, 5;
    %assign/vec4 v00000156bee729c0_0, 0;
    %jmp T_1.1;
T_1.0 ;
    %load/vec4 v00000156bee73260_0;
    %assign/vec4 v00000156bee72ed0_0, 0;
    %load/vec4 v00000156bee72ba0_0;
    %assign/vec4 v00000156bee72c40_0, 0;
    %load/vec4 v00000156bef086c0_0;
    %assign/vec4 v00000156bef08b20_0, 0;
    %pushi/vec4 0, 0, 5;
    %store/vec4 v00000156bee729c0_0, 0, 5;
    %pushi/vec4 15, 0, 32;
    %store/vec4 v00000156bee9b160_0, 0, 32;
T_1.2 ;
    %load/vec4 v00000156bee9b160_0;
    %cmpi/s 0, 0, 32;
    %flag_inv 5; GE is !LT
    %jmp/0xz T_1.3, 5;
    %load/vec4 v00000156bee73260_0;
    %load/vec4 v00000156bee9b160_0;
    %part/s 1;
    %pad/u 32;
    %cmpi/e 1, 0, 32;
    %flag_get/vec4 4;
    %jmp/0 T_1.6, 4;
    %load/vec4 v00000156bee729c0_0;
    %pad/u 32;
    %pushi/vec4 0, 0, 32;
    %cmp/e;
    %flag_get/vec4 4;
    %and;
T_1.6;
    %flag_set/vec4 8;
    %jmp/0xz  T_1.4, 8;
    %load/vec4 v00000156bee9b160_0;
    %pad/s 5;
    %store/vec4 v00000156bee729c0_0, 0, 5;
T_1.4 ;
    %load/vec4 v00000156bee9b160_0;
    %subi 1, 0, 32;
    %store/vec4 v00000156bee9b160_0, 0, 32;
    %jmp T_1.2;
T_1.3 ;
T_1.1 ;
    %jmp T_1;
    .thread T_1;
    .scope S_00000156bee9afd0;
T_2 ;
    %wait E_00000156bee99300;
    %load/vec4 v00000156bee72a60_0;
    %nor/r;
    %flag_set/vec4 8;
    %jmp/0xz  T_2.0, 8;
    %pushi/vec4 0, 0, 8;
    %assign/vec4 v00000156bee97330_0, 0;
    %pushi/vec4 0, 0, 23;
    %assign/vec4 v00000156bee9b2a0_0, 0;
    %pushi/vec4 0, 0, 1;
    %assign/vec4 v00000156bef083a0_0, 0;
    %pushi/vec4 0, 0, 1;
    %assign/vec4 v00000156bef081c0_0, 0;
    %jmp T_2.1;
T_2.0 ;
    %load/vec4 v00000156bee72c40_0;
    %assign/vec4 v00000156bef083a0_0, 0;
    %load/vec4 v00000156bef08b20_0;
    %assign/vec4 v00000156bef081c0_0, 0;
    %load/vec4 v00000156bee72ed0_0;
    %pad/u 32;
    %cmpi/e 0, 0, 32;
    %jmp/0xz  T_2.2, 4;
    %pushi/vec4 0, 0, 8;
    %assign/vec4 v00000156bee97330_0, 0;
    %pushi/vec4 0, 0, 23;
    %assign/vec4 v00000156bee9b2a0_0, 0;
    %jmp T_2.3;
T_2.2 ;
    %pushi/vec4 127, 0, 32;
    %load/vec4 v00000156bee729c0_0;
    %pad/u 32;
    %add;
    %subi 8, 0, 32;
    %pad/u 8;
    %assign/vec4 v00000156bee97330_0, 0;
    %pushi/vec4 23, 0, 32;
    %load/vec4 v00000156bee729c0_0;
    %pad/u 32;
    %sub;
    %store/vec4 v00000156bee72b00_0, 0, 32;
    %load/vec4 v00000156bee72b00_0;
    %cmpi/s 0, 0, 32;
    %flag_inv 5; GE is !LT
    %flag_mov 8, 5;
    %jmp/0 T_2.4, 8;
    %load/vec4 v00000156bee72ed0_0;
    %pad/u 32;
    %load/vec4 v00000156bee72b00_0;
    %ix/vec4 4;
    %shiftl 4;
    %jmp/1 T_2.5, 8;
T_2.4 ; End of true expr.
    %load/vec4 v00000156bee72ed0_0;
    %pad/u 32;
    %load/vec4 v00000156bee72b00_0;
    %inv;
    %pushi/vec4 1, 0, 32;
    %add;
    %ix/vec4 4;
    %shiftr 4;
    %jmp/0 T_2.5, 8;
 ; End of false expr.
    %blend;
T_2.5;
    %store/vec4 v00000156bee9b200_0, 0, 32;
    %load/vec4 v00000156bee9b200_0;
    %parti/s 23, 0, 2;
    %assign/vec4 v00000156bee9b2a0_0, 0;
T_2.3 ;
T_2.1 ;
    %jmp T_2;
    .thread T_2;
    .scope S_00000156bee9afd0;
T_3 ;
    %wait E_00000156bee99300;
    %load/vec4 v00000156bee72a60_0;
    %nor/r;
    %flag_set/vec4 8;
    %jmp/0xz  T_3.0, 8;
    %pushi/vec4 0, 0, 32;
    %assign/vec4 v00000156befbbe90_0, 0;
    %pushi/vec4 0, 0, 1;
    %assign/vec4 v00000156bef088a0_0, 0;
    %jmp T_3.1;
T_3.0 ;
    %load/vec4 v00000156bef083a0_0;
    %load/vec4 v00000156bee97330_0;
    %concat/vec4; draw_concat_vec4
    %load/vec4 v00000156bee9b2a0_0;
    %concat/vec4; draw_concat_vec4
    %assign/vec4 v00000156befbbe90_0, 0;
    %load/vec4 v00000156bef081c0_0;
    %assign/vec4 v00000156bef088a0_0, 0;
T_3.1 ;
    %jmp T_3;
    .thread T_3;
    .scope S_00000156befbbd00;
T_4 ;
    %pushi/vec4 0, 0, 1;
    %store/vec4 v00000156bef08620_0, 0, 1;
    %end;
    .thread T_4;
    .scope S_00000156befbbd00;
T_5 ;
    %delay 5000, 0;
    %load/vec4 v00000156bef08620_0;
    %inv;
    %store/vec4 v00000156bef08620_0, 0, 1;
    %jmp T_5;
    .thread T_5;
    .scope S_00000156befbbd00;
T_6 ;
    %pushi/vec4 256, 0, 16;
    %ix/load 4, 0, 0;
    %flag_set/imm 4, 0;
    %store/vec4a v00000156bef08800, 4, 0;
    %pushi/vec4 705, 0, 16;
    %ix/load 4, 1, 0;
    %flag_set/imm 4, 0;
    %store/vec4a v00000156bef08800, 4, 0;
    %pushi/vec4 64640, 0, 16;
    %ix/load 4, 2, 0;
    %flag_set/imm 4, 0;
    %store/vec4a v00000156bef08800, 4, 0;
    %pushi/vec4 0, 0, 16;
    %ix/load 4, 3, 0;
    %flag_set/imm 4, 0;
    %store/vec4a v00000156bef08800, 4, 0;
    %pushi/vec4 65280, 0, 16;
    %ix/load 4, 4, 0;
    %flag_set/imm 4, 0;
    %store/vec4a v00000156bef08800, 4, 0;
    %pushi/vec4 832, 0, 16;
    %ix/load 4, 5, 0;
    %flag_set/imm 4, 0;
    %store/vec4a v00000156bef08800, 4, 0;
    %pushi/vec4 28928, 0, 16;
    %ix/load 4, 6, 0;
    %flag_set/imm 4, 0;
    %store/vec4a v00000156bef08800, 4, 0;
    %pushi/vec4 0, 0, 1;
    %store/vec4 v00000156bef08940_0, 0, 1;
    %pushi/vec4 0, 0, 16;
    %store/vec4 v00000156bef08760_0, 0, 16;
    %pushi/vec4 0, 0, 1;
    %store/vec4 v00000156bef08300_0, 0, 1;
    %delay 20000, 0;
    %pushi/vec4 1, 0, 1;
    %store/vec4 v00000156bef08940_0, 0, 1;
    %pushi/vec4 0, 0, 32;
    %store/vec4 v00000156bef08260_0, 0, 32;
T_6.0 ;
    %load/vec4 v00000156bef08260_0;
    %cmpi/s 7, 0, 32;
    %jmp/0xz T_6.1, 5;
    %wait E_00000156bee99600;
    %ix/getv/s 4, v00000156bef08260_0;
    %load/vec4a v00000156bef08800, 4;
    %assign/vec4 v00000156bef08760_0, 0;
    %pushi/vec4 1, 0, 1;
    %assign/vec4 v00000156bef08300_0, 0;
    %load/vec4 v00000156bef08260_0;
    %addi 1, 0, 32;
    %store/vec4 v00000156bef08260_0, 0, 32;
    %jmp T_6.0;
T_6.1 ;
    %wait E_00000156bee99600;
    %pushi/vec4 0, 0, 1;
    %assign/vec4 v00000156bef08300_0, 0;
    %pushi/vec4 10, 0, 32;
T_6.2 %dup/vec4;
    %pushi/vec4 0, 0, 32;
    %cmp/s;
    %jmp/1xz T_6.3, 5;
    %jmp/1 T_6.3, 4;
    %pushi/vec4 1, 0, 32;
    %sub;
    %wait E_00000156bee99600;
    %jmp T_6.2;
T_6.3 ;
    %pop/vec4 1;
    %vpi_call 2 110 "$finish" {0 0 0};
    %end;
    .thread T_6;
    .scope S_00000156befbbd00;
T_7 ;
    %wait E_00000156bee99600;
    %load/vec4 v00000156bef084e0_0;
    %flag_set/vec4 8;
    %jmp/0xz  T_7.0, 8;
    %vpi_call 2 116 "$display", "time=%0t | fxp=0x%04X | fp=0x%08X", $time, v00000156bef08760_0, v00000156bef08440_0 {0 0 0};
T_7.0 ;
    %jmp T_7;
    .thread T_7;
# The file index is used to find the file name in the following table.
:file_names 4;
    "N/A";
    "<interactive>";
    "tb_fxp2float.v";
    "./fxp2float.v";
